Linting Swift files in current working directory
Linting 'DH+Tokens.swift' (1/84)
Linting 'DHTabBar.swift' (2/84)
Linting 'DHChip.swift' (3/84)
Linting 'DHCard.swift' (4/84)
Linting 'DHButton.swift' (5/84)
Linting 'DHHaptics.swift' (6/84)
Linting 'DH+Color.swift' (7/84)
Linting 'DH+ChunkyShadow.swift' (8/84)
Linting 'DH+Fonts.swift' (9/84)
Linting 'DHWallpaper.swift' (10/84)
Linting 'StickerHeart.swift' (11/84)
Linting 'StickerFlower.swift' (12/84)
Linting 'GRWMLogo.swift' (13/84)
Linting 'StickerBow.swift' (14/84)
Linting 'StickerStar.swift' (15/84)
Linting 'StickerSparkle.swift' (16/84)
Linting 'CaptureService.swift' (17/84)
Linting 'DeepARClient.swift' (18/84)
Linting 'EffectFile.swift' (19/84)
Linting 'DeepARController+Parameters.swift' (20/84)
Linting 'EffectCatalog.swift' (21/84)
Linting 'EffectParameter.swift' (22/84)
Linting 'DeepARView.swift' (23/84)
Linting 'DeepARLicense.swift' (24/84)
Linting 'MakeupCategory.swift' (25/84)
Linting 'RecordingService.swift' (26/84)
Linting 'DeepARController+Recording.swift' (27/84)
Linting 'DeepARDelegateProxy.swift' (28/84)
Linting 'EffectSlot.swift' (29/84)
Linting 'MakeupShade.swift' (30/84)
Linting 'DeepARController.swift' (31/84)
Linting 'EffectParameterMap.swift' (32/84)
Linting 'GRWMStudioApp.swift' (33/84)
Linting 'AppDelegate.swift' (34/84)
Linting 'RootContainer.swift' (35/84)
Linting 'AppShell.swift' (36/84)
Linting 'AppEnvironment.swift' (37/84)
Linting 'RootCoordinator.swift' (38/84)
Linting 'AppPermissionStatus.swift' (39/84)
Linting 'PermissionsService.swift' (40/84)
Linting 'URL+Documents.swift' (41/84)
Linting 'Logger+GRWM.swift' (42/84)
Linting 'Concurrency+Extensions.swift' (43/84)
Linting 'ProfileRecord.swift' (44/84)
Linting 'AppModelContainer.swift' (45/84)
Linting 'ParentInfoView.swift' (46/84)
Linting 'DefaultPermissionsService.swift' (47/84)
Linting 'SplashView.swift' (48/84)
Linting 'PermRow.swift' (49/84)
Linting 'WelcomeView.swift' (50/84)
Linting 'PermissionsDeniedView.swift' (51/84)
Linting 'PermissionsView.swift' (52/84)
Linting 'OnboardingState.swift' (53/84)
Linting 'FilterRailView.swift' (54/84)
Linting 'ShadeTrayView.swift' (55/84)
Linting 'EyesTrayView.swift' (56/84)
Linting 'SlotSelection.swift' (57/84)
Linting 'MirrorViewModel.swift' (58/84)
Linting 'MirrorView.swift' (59/84)
Linting 'MirrorState.swift' (60/84)
Linting 'Shade.swift' (61/84)
Linting 'Shades+Skin.swift' (62/84)
Linting 'MirrorChrome.swift' (63/84)
Linting 'Shades+Base.swift' (64/84)
Linting 'Shades+Eyes.swift' (65/84)
Linting 'FilterCategory.swift' (66/84)
Linting 'DHTokensTests.swift' (67/84)
Linting 'GRWMStudioTests.swift' (68/84)
Linting 'CaptureServiceTests.swift' (69/84)
Linting 'DeepARLicenseTests.swift' (70/84)
Linting 'DeepARViewTests.swift' (71/84)
Linting 'EffectParameterMapTests.swift' (72/84)
Linting 'DeepARControllerEffectTests.swift' (73/84)
Linting 'EffectCatalogTests.swift' (74/84)
Linting 'DeepARControllerRecordingTests.swift' (75/84)
Linting 'DeepARControllerParameterTests.swift' (76/84)
Linting 'ProfileRecordTests.swift' (77/84)
Linting 'PermissionsServiceTests.swift' (78/84)
Linting 'DeepARControllerBootstrapTests.swift' (79/84)
Linting 'OnboardingStateTests.swift' (80/84)
Linting 'FilterCategoryTests.swift' (81/84)
Linting 'ShadeTests.swift' (82/84)
Linting 'GRWMStudioUITests.swift' (83/84)
Linting 'MirrorViewModelTests.swift' (84/84)
Done linting! Found 0 violations, 0 serious in 84 files.
