Linting Swift files in current working directory
Linting 'DH+Tokens.swift' (1/81)
Linting 'DHTabBar.swift' (2/81)
Linting 'DHChip.swift' (3/81)
Linting 'DHCard.swift' (4/81)
Linting 'DHHaptics.swift' (5/81)
Linting 'DHButton.swift' (6/81)
Linting 'DH+Color.swift' (7/81)
Linting 'DH+ChunkyShadow.swift' (8/81)
Linting 'DH+Fonts.swift' (9/81)
Linting 'DHWallpaper.swift' (10/81)
Linting 'StickerHeart.swift' (11/81)
Linting 'StickerFlower.swift' (12/81)
Linting 'GRWMLogo.swift' (13/81)
Linting 'StickerSparkle.swift' (15/81)
Linting 'StickerBow.swift' (14/81)
Linting 'StickerStar.swift' (16/81)
Linting 'EffectFile.swift' (18/81)
Linting 'DeepARClient.swift' (19/81)
Linting 'CaptureService.swift' (17/81)
Linting 'EffectCatalog.swift' (20/81)
Linting 'DeepARController+Parameters.swift' (21/81)
Linting 'EffectParameter.swift' (22/81)
Linting 'DeepARView.swift' (23/81)
Linting 'DeepARLicense.swift' (24/81)
Linting 'MakeupCategory.swift' (25/81)
Linting 'RecordingService.swift' (26/81)
Linting 'DeepARController+Recording.swift' (27/81)
Linting 'DeepARDelegateProxy.swift' (28/81)
Linting 'DeepARController.swift' (29/81)
Linting 'MakeupShade.swift' (30/81)
Linting 'EffectSlot.swift' (31/81)
Linting 'EffectParameterMap.swift' (32/81)
Linting 'RootContainer.swift' (33/81)
Linting 'GRWMStudioApp.swift' (34/81)
Linting 'AppDelegate.swift' (35/81)
Linting 'AppShell.swift' (36/81)
Linting 'RootCoordinator.swift' (37/81)
Linting 'AppPermissionStatus.swift' (38/81)
Linting 'AppEnvironment.swift' (39/81)
Linting 'PermissionsService.swift' (40/81)
Linting 'DefaultPermissionsService.swift' (41/81)
Linting 'Concurrency+Extensions.swift' (42/81)
Linting 'Logger+GRWM.swift' (43/81)
Linting 'URL+Documents.swift' (44/81)
Linting 'AppModelContainer.swift' (45/81)
Linting 'ProfileRecord.swift' (46/81)
Linting 'ParentInfoView.swift' (47/81)
Linting 'WelcomeView.swift' (48/81)
Linting 'SplashView.swift' (49/81)
Linting 'PermRow.swift' (50/81)
Linting 'OnboardingState.swift' (51/81)
Linting 'PermissionsDeniedView.swift' (52/81)
Linting 'PermissionsView.swift' (54/81)
Linting 'SlotSelection.swift' (55/81)
Linting 'FilterRailView.swift' (53/81)
Linting 'ShadeTrayView.swift' (56/81)
Linting 'MirrorViewModel.swift' (57/81)
Linting 'MirrorState.swift' (58/81)
Linting 'MirrorView.swift' (59/81)
Linting 'Shade.swift' (60/81)
Linting 'MirrorChrome.swift' (62/81)
Linting 'Shades+Skin.swift' (61/81)
Linting 'FilterCategory.swift' (63/81)
Linting 'GRWMStudioTests.swift' (64/81)
Linting 'DHTokensTests.swift' (65/81)
Linting 'DeepARViewTests.swift' (66/81)
Linting 'CaptureServiceTests.swift' (67/81)
Linting 'DeepARLicenseTests.swift' (68/81)
Linting 'EffectParameterMapTests.swift' (69/81)
Linting 'DeepARControllerRecordingTests.swift' (70/81)
Linting 'DeepARControllerParameterTests.swift' (71/81)
Linting 'DeepARControllerEffectTests.swift' (72/81)
Linting 'DeepARControllerBootstrapTests.swift' (73/81)
Linting 'EffectCatalogTests.swift' (74/81)
Linting 'PermissionsServiceTests.swift' (75/81)
Linting 'ProfileRecordTests.swift' (76/81)
Linting 'FilterCategoryTests.swift' (77/81)
Linting 'ShadeTests.swift' (78/81)
Linting 'OnboardingStateTests.swift' (79/81)
Linting 'GRWMStudioUITests.swift' (80/81)
Linting 'MirrorViewModelTests.swift' (81/81)
Done linting! Found 0 violations, 0 serious in 81 files.
