Linting Swift files in current working directory
Linting 'DH+Tokens.swift' (1/105)
Linting 'DHTabBar.swift' (2/105)
Linting 'DHChip.swift' (3/105)
Linting 'DHCard.swift' (4/105)
Linting 'DHHaptics.swift' (5/105)
Linting 'DHButton.swift' (6/105)
Linting 'DH+Color.swift' (7/105)
Linting 'DH+ChunkyShadow.swift' (8/105)
Linting 'DH+Fonts.swift' (9/105)
Linting 'DHWallpaper.swift' (10/105)
Linting 'StickerHeart.swift' (11/105)
Linting 'StickerFlower.swift' (12/105)
Linting 'StickerBow.swift' (13/105)
Linting 'StickerStar.swift' (15/105)
Linting 'StickerSparkle.swift' (16/105)
Linting 'GRWMLogo.swift' (14/105)
Linting 'EffectFile.swift' (18/105)
Linting 'CaptureService.swift' (17/105)
Linting 'DeepARClient.swift' (19/105)
Linting 'EffectParameter.swift' (20/105)
Linting 'DeepARController+Parameters.swift' (21/105)
Linting 'EffectCatalog.swift' (22/105)
Linting 'DeepARView.swift' (23/105)
Linting 'DeepARLicense.swift' (24/105)
Linting 'MakeupCategory.swift' (25/105)
Linting 'RecordingService.swift' (26/105)
Linting 'EffectSlot.swift' (27/105)
Linting 'DeepARDelegateProxy.swift' (28/105)
Linting 'DeepARController+Recording.swift' (29/105)
Linting 'MakeupShade.swift' (30/105)
Linting 'DeepARController.swift' (31/105)
Linting 'RootContainer.swift' (32/105)
Linting 'EffectParameterMap.swift' (33/105)
Linting 'GRWMStudioApp.swift' (34/105)
Linting 'AppShell.swift' (35/105)
Linting 'RootCoordinator.swift' (36/105)
Linting 'AppDelegate.swift' (37/105)
Linting 'AppEnvironment.swift' (38/105)
Linting 'PermissionsService.swift' (39/105)
Linting 'AppPermissionStatus.swift' (40/105)
Linting 'URL+Documents.swift' (41/105)
Linting 'Concurrency+Extensions.swift' (42/105)
Linting 'Logger+GRWM.swift' (43/105)
Linting 'DefaultPermissionsService.swift' (44/105)
Linting 'ParentInfoView.swift' (45/105)
Linting 'AppModelContainer.swift' (46/105)
Linting 'WelcomeView.swift' (47/105)
Linting 'ProfileRecord.swift' (48/105)
Linting 'PermRow.swift' (49/105)
Linting 'SplashView.swift' (50/105)
Linting 'OnboardingState.swift' (51/105)
Linting 'LookSwitchConfirmationView.swift' (53/105)
Linting 'PermissionsView.swift' (54/105)
Linting 'PermissionsDeniedView.swift' (52/105)
Linting 'FilterRailView.swift' (56/105)
Linting 'EmptyShadeTrayView.swift' (55/105)
Linting 'Looks.swift' (57/105)
Linting 'SlotSelection.swift' (58/105)
Linting 'MirrorViewModel+Reset.swift' (59/105)
Linting 'ShadeTrayView.swift' (60/105)
Linting 'MirrorBottomControls.swift' (61/105)
Linting 'MirrorViewModel+Selection.swift' (62/105)
Linting 'NoFaceTipView.swift' (63/105)
Linting 'EyesTrayView.swift' (64/105)
Linting 'MirrorTrayHostView.swift' (65/105)
Linting 'MirrorViewModel+Looks.swift' (66/105)
Linting 'Shades+Brows.swift' (67/105)
Linting 'MirrorViewModel.swift' (68/105)
Linting 'MirrorViewModel+Controls.swift' (69/105)
Linting 'MirrorView.swift' (70/105)
Linting 'MirrorState.swift' (71/105)
Linting 'Shade.swift' (72/105)
Linting 'Shades+Lips.swift' (73/105)
Linting 'Shades+Base.swift' (74/105)
Linting 'MirrorChrome.swift' (75/105)
Linting 'Shades+Skin.swift' (76/105)
Linting 'EffectFailureBanner.swift' (77/105)
Linting 'MirrorView+Errors.swift' (78/105)
Linting 'GRWMStudioTests.swift' (79/105)
Linting 'Shades+Eyes.swift' (80/105)
Linting 'FilterCategory.swift' (81/105)
Linting 'LooksTrayView.swift' (82/105)
Linting 'Shades+Cheeks.swift' (83/105)
Linting 'DHTokensTests.swift' (84/105)
Linting 'DeepARLicenseTests.swift' (85/105)
Linting 'CaptureServiceTests.swift' (86/105)
Linting 'DeepARViewTests.swift' (87/105)
Linting 'EffectParameterMapTests.swift' (88/105)
Linting 'DeepARControllerBootstrapTests.swift' (89/105)
Linting 'DeepARControllerParameterTests.swift' (90/105)
Linting 'DeepARControllerEffectTests.swift' (91/105)
Linting 'DeepARControllerRecordingTests.swift' (93/105)
Linting 'EffectCatalogTests.swift' (92/105)
Linting 'PermissionsServiceTests.swift' (94/105)
Linting 'OnboardingStateTests.swift' (95/105)
Linting 'ProfileRecordTests.swift' (96/105)
Linting 'FilterCategoryTests.swift' (97/105)
Linting 'LooksTests.swift' (98/105)
Linting 'ShadeTests.swift' (99/105)
Linting 'MirrorResetViewModelTests.swift' (100/105)
Linting 'MirrorViewModelTests.swift' (101/105)
Linting 'MirrorLipViewModelTests.swift' (102/105)
Linting 'GRWMStudioUITests.swift' (103/105)
Linting 'MirrorControlsViewModelTests.swift' (104/105)
Linting 'MirrorEffectFailureViewModelTests.swift' (105/105)
Done linting! Found 0 violations, 0 serious in 105 files.
