Linting Swift files in current working directory
Linting 'DHTabBar.swift' (2/110)
Linting 'DH+Tokens.swift' (1/110)
Linting 'DHChip.swift' (3/110)
Linting 'DHCard.swift' (4/110)
Linting 'DHHaptics.swift' (5/110)
Linting 'DHButton.swift' (6/110)
Linting 'DH+Color.swift' (7/110)
Linting 'DH+ChunkyShadow.swift' (8/110)
Linting 'DH+Fonts.swift' (9/110)
Linting 'DHWallpaper.swift' (10/110)
Linting 'StickerFlower.swift' (11/110)
Linting 'StickerHeart.swift' (12/110)
Linting 'GRWMLogo.swift' (13/110)
Linting 'StickerBow.swift' (14/110)
Linting 'StickerStar.swift' (15/110)
Linting 'StickerSparkle.swift' (16/110)
Linting 'CaptureService.swift' (17/110)
Linting 'CaptureFAB.swift' (18/110)
Linting 'CaptureMode.swift' (19/110)
Linting 'EffectFile.swift' (21/110)
Linting 'DeepARClient.swift' (20/110)
Linting 'EffectCatalog.swift' (22/110)
Linting 'DeepARController+Parameters.swift' (23/110)
Linting 'EffectParameter.swift' (24/110)
Linting 'DeepARView.swift' (25/110)
Linting 'DeepARLicense.swift' (26/110)
Linting 'MakeupCategory.swift' (27/110)
Linting 'RecordingService.swift' (28/110)
Linting 'DeepARController+Recording.swift' (29/110)
Linting 'DeepARDelegateProxy.swift' (30/110)
Linting 'EffectSlot.swift' (31/110)
Linting 'MakeupShade.swift' (32/110)
Linting 'DeepARController.swift' (33/110)
Linting 'EffectParameterMap.swift' (34/110)
Linting 'RootContainer.swift' (35/110)
Linting 'GRWMStudioApp.swift' (36/110)
Linting 'AppDelegate.swift' (37/110)
Linting 'AppShell.swift' (38/110)
Linting 'RootCoordinator.swift' (39/110)
Linting 'AppEnvironment.swift' (40/110)
Linting 'AppPermissionStatus.swift' (41/110)
Linting 'PermissionsService.swift' (42/110)
Linting 'DefaultPermissionsService.swift' (43/110)
Linting 'Concurrency+Extensions.swift' (44/110)
Linting 'Logger+GRWM.swift' (45/110)
Linting 'URL+Documents.swift' (46/110)
Linting 'ProfileRecord.swift' (47/110)
Linting 'AppModelContainer.swift' (48/110)
Linting 'ParentInfoView.swift' (49/110)
Linting 'WelcomeView.swift' (50/110)
Linting 'SplashView.swift' (51/110)
Linting 'PermRow.swift' (52/110)
Linting 'OnboardingState.swift' (53/110)
Linting 'PermissionsDeniedView.swift' (54/110)
Linting 'PermissionsView.swift' (55/110)
Linting 'LookSwitchConfirmationView.swift' (56/110)
Linting 'EmptyShadeTrayView.swift' (57/110)
Linting 'FilterRailView.swift' (58/110)
Linting 'Looks.swift' (59/110)
Linting 'SlotSelection.swift' (60/110)
Linting 'MirrorViewModel+Reset.swift' (61/110)
Linting 'MirrorBottomControls.swift' (62/110)
Linting 'ShadeTrayView.swift' (63/110)
Linting 'MirrorViewModel+Selection.swift' (64/110)
Linting 'NoFaceTipView.swift' (65/110)
Linting 'MirrorViewModel+Looks.swift' (67/110)
Linting 'MirrorViewModel+Controls.swift' (66/110)
Linting 'EyesTrayView.swift' (68/110)
Linting 'MirrorTrayHostView.swift' (69/110)
Linting 'MirrorViewModel.swift' (70/110)
Linting 'MirrorState.swift' (71/110)
Linting 'MirrorView.swift' (72/110)
Linting 'Shades+Brows.swift' (73/110)
Linting 'Shades+Lips.swift' (74/110)
Linting 'Shade.swift' (75/110)
Linting 'Shades+Skin.swift' (76/110)
Linting 'MirrorChrome.swift' (77/110)
Linting 'MirrorViewModel+Capture.swift' (78/110)
Linting 'Shades+Base.swift' (79/110)
Linting 'MirrorView+Errors.swift' (80/110)
Linting 'EffectFailureBanner.swift' (81/110)
Linting 'Shades+Eyes.swift' (82/110)
Linting 'Shades+Cheeks.swift' (83/110)
Linting 'FilterCategory.swift' (84/110)
Linting 'LooksTrayView.swift' (85/110)
Linting 'GRWMStudioTests.swift' (86/110)
Linting 'CaptureServiceTests.swift' (87/110)
Linting 'CapturePressClassifierTests.swift' (88/110)
Linting 'DHTokensTests.swift' (89/110)
Linting 'EffectParameterMapTests.swift' (90/110)
Linting 'DeepARViewTests.swift' (91/110)
Linting 'DeepARLicenseTests.swift' (92/110)
Linting 'DeepARControllerEffectTests.swift' (93/110)
Linting 'DeepARControllerBootstrapTests.swift' (94/110)
Linting 'DeepARControllerParameterTests.swift' (95/110)
Linting 'DeepARControllerRecordingTests.swift' (96/110)
Linting 'PermissionsServiceTests.swift' (97/110)
Linting 'OnboardingStateTests.swift' (98/110)
Linting 'EffectCatalogTests.swift' (99/110)
Linting 'ProfileRecordTests.swift' (100/110)
Linting 'FilterCategoryTests.swift' (101/110)
Linting 'MirrorCaptureViewModelTests.swift' (102/110)
Linting 'LooksTests.swift' (103/110)
Linting 'ShadeTests.swift' (104/110)
Linting 'MirrorResetViewModelTests.swift' (105/110)
Linting 'MirrorControlsViewModelTests.swift' (106/110)
Linting 'GRWMStudioUITests.swift' (107/110)
Linting 'MirrorViewModelTests.swift' (108/110)
Linting 'MirrorLipViewModelTests.swift' (109/110)
Linting 'MirrorEffectFailureViewModelTests.swift' (110/110)
Done linting! Found 0 violations, 0 serious in 110 files.
