Linting Swift files in current working directory
Linting 'DHTabBar.swift' (2/119)
Linting 'DH+Tokens.swift' (1/119)
Linting 'Sounds.swift' (3/119)
Linting 'DHChip.swift' (4/119)
Linting 'DHCard.swift' (5/119)
Linting 'DHHaptics.swift' (6/119)
Linting 'DHButton.swift' (7/119)
Linting 'DH+Color.swift' (8/119)
Linting 'DH+ChunkyShadow.swift' (9/119)
Linting 'DH+Fonts.swift' (10/119)
Linting 'DHWallpaper.swift' (11/119)
Linting 'StickerHeart.swift' (12/119)
Linting 'StickerFlower.swift' (13/119)
Linting 'GRWMLogo.swift' (14/119)
Linting 'StickerStar.swift' (15/119)
Linting 'StickerBow.swift' (16/119)
Linting 'StickerSparkle.swift' (17/119)
Linting 'PhotoCaptureCoordinator.swift' (18/119)
Linting 'PreviewPlaceholderView.swift' (19/119)
Linting 'CapturedAsset.swift' (21/119)
Linting 'VideoRecordingCoordinator.swift' (20/119)
Linting 'CaptureFAB.swift' (22/119)
Linting 'CaptureService.swift' (23/119)
Linting 'CaptureMode.swift' (24/119)
Linting 'PhotoLibrarySaver.swift' (25/119)
Linting 'DeepARClient.swift' (26/119)
Linting 'CountdownOverlay.swift' (27/119)
Linting 'EffectFile.swift' (28/119)
Linting 'EffectCatalog.swift' (29/119)
Linting 'DeepARController+Parameters.swift' (30/119)
Linting 'EffectParameter.swift' (31/119)
Linting 'DeepARView.swift' (32/119)
Linting 'DeepARLicense.swift' (33/119)
Linting 'MakeupCategory.swift' (34/119)
Linting 'RecordingService.swift' (35/119)
Linting 'DeepARController+Recording.swift' (36/119)
Linting 'DeepARDelegateProxy.swift' (37/119)
Linting 'MakeupShade.swift' (38/119)
Linting 'EffectSlot.swift' (39/119)
Linting 'DeepARController.swift' (40/119)
Linting 'RootContainer.swift' (41/119)
Linting 'GRWMStudioApp.swift' (42/119)
Linting 'EffectParameterMap.swift' (43/119)
Linting 'AppEnvironment.swift' (44/119)
Linting 'AppShell.swift' (45/119)
Linting 'RootCoordinator.swift' (46/119)
Linting 'AppDelegate.swift' (47/119)
Linting 'PermissionsService.swift' (48/119)
Linting 'AppPermissionStatus.swift' (49/119)
Linting 'Logger+GRWM.swift' (50/119)
Linting 'DefaultPermissionsService.swift' (51/119)
Linting 'URL+Documents.swift' (52/119)
Linting 'Concurrency+Extensions.swift' (53/119)
Linting 'ProfileRecord.swift' (54/119)
Linting 'AppModelContainer.swift' (55/119)
Linting 'ParentInfoView.swift' (56/119)
Linting 'PermRow.swift' (57/119)
Linting 'WelcomeView.swift' (58/119)
Linting 'SplashView.swift' (59/119)
Linting 'PermissionsDeniedView.swift' (60/119)
Linting 'OnboardingState.swift' (61/119)
Linting 'EmptyShadeTrayView.swift' (63/119)
Linting 'PermissionsView.swift' (62/119)
Linting 'LookSwitchConfirmationView.swift' (64/119)
Linting 'SlotSelection.swift' (65/119)
Linting 'Looks.swift' (66/119)
Linting 'FilterRailView.swift' (67/119)
Linting 'MirrorViewModel+Reset.swift' (68/119)
Linting 'MirrorBottomControls.swift' (69/119)
Linting 'EyesTrayView.swift' (70/119)
Linting 'MirrorViewModel+Selection.swift' (71/119)
Linting 'ShadeTrayView.swift' (72/119)
Linting 'NoFaceTipView.swift' (73/119)
Linting 'MirrorViewModel+Controls.swift' (74/119)
Linting 'MirrorViewModel.swift' (75/119)
Linting 'MirrorTrayHostView.swift' (76/119)
Linting 'Shades+Brows.swift' (78/119)
Linting 'MirrorViewModel+Looks.swift' (77/119)
Linting 'MirrorView.swift' (79/119)
Linting 'Shades+Lips.swift' (80/119)
Linting 'MirrorState.swift' (81/119)
Linting 'CaptureFailureBanner.swift' (82/119)
Linting 'Shade.swift' (83/119)
Linting 'Shades+Skin.swift' (84/119)
Linting 'MirrorChrome.swift' (85/119)
Linting 'Shades+Base.swift' (86/119)
Linting 'EffectFailureBanner.swift' (87/119)
Linting 'Shades+Eyes.swift' (88/119)
Linting 'MirrorView+Errors.swift' (89/119)
Linting 'LooksTrayView.swift' (90/119)
Linting 'FilterCategory.swift' (91/119)
Linting 'Shades+Cheeks.swift' (92/119)
Linting 'DHTokensTests.swift' (93/119)
Linting 'CountdownOverlayTests.swift' (94/119)
Linting 'CaptureServiceTests.swift' (95/119)
Linting 'DeepARViewTests.swift' (96/119)
Linting 'CapturePressClassifierTests.swift' (97/119)
Linting 'DeepARLicenseTests.swift' (98/119)
Linting 'DeepARControllerEffectTests.swift' (99/119)
Linting 'EffectParameterMapTests.swift' (100/119)
Linting 'DeepARControllerBootstrapTests.swift' (101/119)
Linting 'EffectCatalogTests.swift' (102/119)
Linting 'DeepARControllerRecordingTests.swift' (103/119)
Linting 'DeepARControllerParameterTests.swift' (104/119)
Linting 'PermissionsServiceTests.swift' (105/119)
Linting 'ProfileRecordTests.swift' (106/119)
Linting 'ShadeTests.swift' (107/119)
Linting 'OnboardingStateTests.swift' (108/119)
Linting 'FilterCategoryTests.swift' (109/119)
Linting 'MirrorCaptureViewModelTests.swift' (110/119)
Linting 'MirrorResetViewModelTests.swift' (111/119)
Linting 'LooksTests.swift' (112/119)
Linting 'MirrorViewModelTests.swift' (113/119)
Linting 'MirrorControlsViewModelTests.swift' (114/119)
Linting 'MirrorEffectFailureViewModelTests.swift' (115/119)
Linting 'MirrorLipViewModelTests.swift' (116/119)
Linting 'GRWMStudioUITests.swift' (117/119)
Linting 'GRWMStudioTests.swift' (118/119)
Linting 'MirrorViewModel+Capture.swift' (119/119)
Done linting! Found 0 violations, 0 serious in 119 files.
