Linting Swift files in current working directory
Linting 'DH+Tokens.swift' (1/118)
Linting 'DHTabBar.swift' (2/118)
Linting 'Sounds.swift' (3/118)
Linting 'DHChip.swift' (4/118)
Linting 'DHCard.swift' (5/118)
Linting 'DHButton.swift' (7/118)
Linting 'DHHaptics.swift' (6/118)
Linting 'DH+Color.swift' (8/118)
Linting 'DH+ChunkyShadow.swift' (9/118)
Linting 'DH+Fonts.swift' (10/118)
Linting 'DHWallpaper.swift' (11/118)
Linting 'StickerHeart.swift' (12/118)
Linting 'StickerFlower.swift' (13/118)
Linting 'GRWMLogo.swift' (14/118)
Linting 'StickerStar.swift' (15/118)
Linting 'StickerBow.swift' (16/118)
Linting 'PhotoCaptureCoordinator.swift' (18/118)
Linting 'StickerSparkle.swift' (17/118)
Linting 'PreviewPlaceholderView.swift' (19/118)
Linting 'CapturedAsset.swift' (21/118)
Linting 'CaptureFAB.swift' (22/118)
Linting 'VideoRecordingCoordinator.swift' (20/118)
Linting 'CaptureService.swift' (23/118)
Linting 'CaptureMode.swift' (24/118)
Linting 'CountdownOverlay.swift' (25/118)
Linting 'DeepARClient.swift' (26/118)
Linting 'EffectFile.swift' (27/118)
Linting 'EffectCatalog.swift' (28/118)
Linting 'DeepARController+Parameters.swift' (29/118)
Linting 'EffectParameter.swift' (30/118)
Linting 'DeepARView.swift' (31/118)
Linting 'DeepARLicense.swift' (32/118)
Linting 'MakeupCategory.swift' (33/118)
Linting 'RecordingService.swift' (34/118)
Linting 'DeepARController+Recording.swift' (35/118)
Linting 'DeepARDelegateProxy.swift' (36/118)
Linting 'EffectSlot.swift' (37/118)
Linting 'MakeupShade.swift' (38/118)
Linting 'DeepARController.swift' (39/118)
Linting 'RootContainer.swift' (40/118)
Linting 'EffectParameterMap.swift' (41/118)
Linting 'GRWMStudioApp.swift' (42/118)
Linting 'AppDelegate.swift' (43/118)
Linting 'AppShell.swift' (44/118)
Linting 'RootCoordinator.swift' (45/118)
Linting 'AppEnvironment.swift' (46/118)
Linting 'AppPermissionStatus.swift' (47/118)
Linting 'PermissionsService.swift' (48/118)
Linting 'DefaultPermissionsService.swift' (49/118)
Linting 'Concurrency+Extensions.swift' (50/118)
Linting 'Logger+GRWM.swift' (51/118)
Linting 'URL+Documents.swift' (52/118)
Linting 'ProfileRecord.swift' (53/118)
Linting 'AppModelContainer.swift' (54/118)
Linting 'ParentInfoView.swift' (55/118)
Linting 'WelcomeView.swift' (56/118)
Linting 'SplashView.swift' (57/118)
Linting 'PermRow.swift' (58/118)
Linting 'PermissionsDeniedView.swift' (59/118)
Linting 'OnboardingState.swift' (60/118)
Linting 'PermissionsView.swift' (61/118)
Linting 'EmptyShadeTrayView.swift' (62/118)
Linting 'LookSwitchConfirmationView.swift' (63/118)
Linting 'FilterRailView.swift' (64/118)
Linting 'Looks.swift' (65/118)
Linting 'SlotSelection.swift' (66/118)
Linting 'MirrorViewModel+Reset.swift' (67/118)
Linting 'MirrorBottomControls.swift' (68/118)
Linting 'ShadeTrayView.swift' (69/118)
Linting 'EyesTrayView.swift' (70/118)
Linting 'MirrorViewModel+Selection.swift' (71/118)
Linting 'NoFaceTipView.swift' (72/118)
Linting 'MirrorViewModel+Controls.swift' (73/118)
Linting 'MirrorViewModel+Looks.swift' (74/118)
Linting 'MirrorTrayHostView.swift' (75/118)
Linting 'MirrorViewModel.swift' (76/118)
Linting 'Shades+Brows.swift' (77/118)
Linting 'MirrorView.swift' (78/118)
Linting 'MirrorState.swift' (79/118)
Linting 'Shades+Lips.swift' (80/118)
Linting 'CaptureFailureBanner.swift' (81/118)
Linting 'Shade.swift' (82/118)
Linting 'Shades+Skin.swift' (83/118)
Linting 'MirrorViewModel+Capture.swift' (84/118)
Linting 'MirrorChrome.swift' (85/118)
Linting 'Shades+Base.swift' (86/118)
Linting 'EffectFailureBanner.swift' (87/118)
Linting 'MirrorView+Errors.swift' (88/118)
Linting 'Shades+Eyes.swift' (89/118)
Linting 'LooksTrayView.swift' (90/118)
Linting 'Shades+Cheeks.swift' (91/118)
Linting 'FilterCategory.swift' (92/118)
Linting 'GRWMStudioTests.swift' (93/118)
Linting 'DHTokensTests.swift' (94/118)
Linting 'CaptureServiceTests.swift' (95/118)
Linting 'CountdownOverlayTests.swift' (96/118)
Linting 'DeepARViewTests.swift' (97/118)
Linting 'DeepARLicenseTests.swift' (98/118)
Linting 'CapturePressClassifierTests.swift' (99/118)
Linting 'EffectParameterMapTests.swift' (100/118)
Linting 'DeepARControllerEffectTests.swift' (101/118)
Linting 'DeepARControllerBootstrapTests.swift' (102/118)
Linting 'DeepARControllerParameterTests.swift' (103/118)
Linting 'EffectCatalogTests.swift' (104/118)
Linting 'DeepARControllerRecordingTests.swift' (105/118)
Linting 'PermissionsServiceTests.swift' (106/118)
Linting 'ProfileRecordTests.swift' (107/118)
Linting 'OnboardingStateTests.swift' (108/118)
Linting 'FilterCategoryTests.swift' (109/118)
Linting 'ShadeTests.swift' (110/118)
Linting 'MirrorCaptureViewModelTests.swift' (111/118)
Linting 'LooksTests.swift' (112/118)
Linting 'MirrorResetViewModelTests.swift' (113/118)
Linting 'MirrorViewModelTests.swift' (114/118)
Linting 'MirrorControlsViewModelTests.swift' (115/118)
Linting 'MirrorLipViewModelTests.swift' (116/118)
Linting 'MirrorEffectFailureViewModelTests.swift' (117/118)
Linting 'GRWMStudioUITests.swift' (118/118)
Done linting! Found 0 violations, 0 serious in 118 files.
