Linting Swift files in current working directory
Linting 'DH+Tokens.swift' (1/95)
Linting 'DHTabBar.swift' (2/95)
Linting 'DHChip.swift' (3/95)
Linting 'DHCard.swift' (4/95)
Linting 'DHHaptics.swift' (5/95)
Linting 'DHButton.swift' (6/95)
Linting 'DH+Color.swift' (7/95)
Linting 'DH+ChunkyShadow.swift' (8/95)
Linting 'DH+Fonts.swift' (9/95)
Linting 'DHWallpaper.swift' (10/95)
Linting 'StickerHeart.swift' (11/95)
Linting 'StickerFlower.swift' (12/95)
Linting 'GRWMLogo.swift' (13/95)
Linting 'StickerBow.swift' (14/95)
Linting 'StickerStar.swift' (15/95)
Linting 'StickerSparkle.swift' (16/95)
Linting 'CaptureService.swift' (17/95)
Linting 'DeepARClient.swift' (18/95)
Linting 'EffectFile.swift' (19/95)
Linting 'EffectCatalog.swift' (20/95)
Linting 'DeepARController+Parameters.swift' (21/95)
Linting 'EffectParameter.swift' (22/95)
Linting 'DeepARView.swift' (23/95)
Linting 'DeepARLicense.swift' (24/95)
Linting 'MakeupCategory.swift' (25/95)
Linting 'RecordingService.swift' (26/95)
Linting 'EffectSlot.swift' (27/95)
Linting 'DeepARDelegateProxy.swift' (28/95)
Linting 'MakeupShade.swift' (29/95)
Linting 'DeepARController+Recording.swift' (30/95)
Linting 'GRWMStudioApp.swift' (31/95)
Linting 'EffectParameterMap.swift' (32/95)
Linting 'RootContainer.swift' (33/95)
Linting 'AppDelegate.swift' (34/95)
Linting 'DeepARController.swift' (35/95)
Linting 'RootCoordinator.swift' (36/95)
Linting 'AppShell.swift' (37/95)
Linting 'AppEnvironment.swift' (38/95)
Linting 'PermissionsService.swift' (39/95)
Linting 'DefaultPermissionsService.swift' (40/95)
Linting 'Logger+GRWM.swift' (41/95)
Linting 'AppPermissionStatus.swift' (42/95)
Linting 'Concurrency+Extensions.swift' (43/95)
Linting 'URL+Documents.swift' (44/95)
Linting 'ProfileRecord.swift' (45/95)
Linting 'AppModelContainer.swift' (46/95)
Linting 'SplashView.swift' (47/95)
Linting 'WelcomeView.swift' (48/95)
Linting 'ParentInfoView.swift' (49/95)
Linting 'PermissionsView.swift' (50/95)
Linting 'OnboardingState.swift' (51/95)
Linting 'PermissionsDeniedView.swift' (52/95)
Linting 'PermRow.swift' (53/95)
Linting 'EmptyShadeTrayView.swift' (54/95)
Linting 'LookSwitchConfirmationView.swift' (55/95)
Linting 'FilterRailView.swift' (56/95)
Linting 'EyesTrayView.swift' (57/95)
Linting 'Looks.swift' (58/95)
Linting 'SlotSelection.swift' (59/95)
Linting 'ShadeTrayView.swift' (60/95)
Linting 'MirrorViewModel+Looks.swift' (61/95)
Linting 'MirrorView.swift' (62/95)
Linting 'MirrorViewModel.swift' (63/95)
Linting 'Shades+Brows.swift' (64/95)
Linting 'MirrorState.swift' (65/95)
Linting 'MirrorChrome.swift' (67/95)
Linting 'Shades+Lips.swift' (66/95)
Linting 'Shades+Skin.swift' (68/95)
Linting 'Shades+Base.swift' (69/95)
Linting 'Shade.swift' (70/95)
Linting 'MirrorView+Errors.swift' (71/95)
Linting 'Shades+Eyes.swift' (72/95)
Linting 'LooksTrayView.swift' (73/95)
Linting 'DHTokensTests.swift' (74/95)
Linting 'FilterCategory.swift' (75/95)
Linting 'GRWMStudioTests.swift' (76/95)
Linting 'Shades+Cheeks.swift' (77/95)
Linting 'CaptureServiceTests.swift' (78/95)
Linting 'DeepARViewTests.swift' (79/95)
Linting 'DeepARControllerEffectTests.swift' (81/95)
Linting 'DeepARLicenseTests.swift' (80/95)
Linting 'DeepARControllerBootstrapTests.swift' (82/95)
Linting 'DeepARControllerParameterTests.swift' (83/95)
Linting 'EffectParameterMapTests.swift' (84/95)
Linting 'DeepARControllerRecordingTests.swift' (85/95)
Linting 'EffectCatalogTests.swift' (86/95)
Linting 'PermissionsServiceTests.swift' (87/95)
Linting 'OnboardingStateTests.swift' (88/95)
Linting 'ProfileRecordTests.swift' (89/95)
Linting 'FilterCategoryTests.swift' (90/95)
Linting 'LooksTests.swift' (91/95)
Linting 'MirrorViewModelTests.swift' (92/95)
Linting 'ShadeTests.swift' (93/95)
Linting 'GRWMStudioUITests.swift' (94/95)
Linting 'MirrorLipViewModelTests.swift' (95/95)
Done linting! Found 0 violations, 0 serious in 95 files.
