Linting Swift files in current working directory
Linting 'DH+Tokens.swift' (1/74)
Linting 'DHTabBar.swift' (2/74)
Linting 'DHCard.swift' (4/74)
Linting 'DHChip.swift' (3/74)
Linting 'DHHaptics.swift' (5/74)
Linting 'DHButton.swift' (6/74)
Linting 'DH+Color.swift' (7/74)
Linting 'DH+ChunkyShadow.swift' (8/74)
Linting 'StickerHeart.swift' (10/74)
Linting 'StickerFlower.swift' (11/74)
Linting 'DHWallpaper.swift' (9/74)
Linting 'GRWMLogo.swift' (12/74)
Linting 'DH+Fonts.swift' (13/74)
Linting 'StickerBow.swift' (14/74)
Linting 'StickerStar.swift' (15/74)
Linting 'CaptureService.swift' (16/74)
Linting 'StickerSparkle.swift' (17/74)
Linting 'DeepARClient.swift' (18/74)
Linting 'EffectFile.swift' (19/74)
Linting 'EffectCatalog.swift' (20/74)
Linting 'EffectParameter.swift' (21/74)
Linting 'DeepARController+Parameters.swift' (22/74)
Linting 'DeepARLicense.swift' (23/74)
Linting 'RecordingService.swift' (24/74)
Linting 'MakeupCategory.swift' (25/74)
Linting 'DeepARController+Recording.swift' (26/74)
Linting 'EffectSlot.swift' (28/74)
Linting 'DeepARDelegateProxy.swift' (27/74)
Linting 'MakeupShade.swift' (29/74)
Linting 'DeepARController.swift' (30/74)
Linting 'DeepARView.swift' (31/74)
Linting 'RootContainer.swift' (32/74)
Linting 'EffectParameterMap.swift' (33/74)
Linting 'GRWMStudioApp.swift' (34/74)
Linting 'AppDelegate.swift' (35/74)
Linting 'RootCoordinator.swift' (36/74)
Linting 'AppEnvironment.swift' (37/74)
Linting 'AppShell.swift' (38/74)
Linting 'PermissionsService.swift' (39/74)
Linting 'AppPermissionStatus.swift' (40/74)
Linting 'Logger+GRWM.swift' (41/74)
Linting 'Concurrency+Extensions.swift' (42/74)
Linting 'DefaultPermissionsService.swift' (43/74)
Linting 'URL+Documents.swift' (44/74)
Linting 'ProfileRecord.swift' (45/74)
Linting 'ParentInfoView.swift' (46/74)
Linting 'WelcomeView.swift' (47/74)
Linting 'AppModelContainer.swift' (48/74)
Linting 'SplashView.swift' (49/74)
Linting 'PermRow.swift' (50/74)
Linting 'OnboardingState.swift' (51/74)
Linting 'PermissionsDeniedView.swift' (52/74)
Linting 'PermissionsView.swift' (53/74)
Linting 'SlotSelection.swift' (54/74)
Linting 'MirrorViewModel.swift' (55/74)
Linting 'MirrorView.swift' (56/74)
Linting 'MirrorState.swift' (57/74)
Linting 'MirrorChrome.swift' (58/74)
Linting 'CaptureServiceTests.swift' (59/74)
Linting 'DHTokensTests.swift' (60/74)
Linting 'DeepARViewTests.swift' (61/74)
Linting 'DeepARLicenseTests.swift' (62/74)
Linting 'GRWMStudioTests.swift' (63/74)
Linting 'EffectParameterMapTests.swift' (64/74)
Linting 'DeepARControllerEffectTests.swift' (65/74)
Linting 'DeepARControllerBootstrapTests.swift' (66/74)
Linting 'DeepARControllerParameterTests.swift' (67/74)
Linting 'DeepARControllerRecordingTests.swift' (68/74)
Linting 'EffectCatalogTests.swift' (69/74)
Linting 'PermissionsServiceTests.swift' (70/74)
Linting 'ProfileRecordTests.swift' (71/74)
Linting 'OnboardingStateTests.swift' (72/74)
Linting 'MirrorViewModelTests.swift' (73/74)
Linting 'GRWMStudioUITests.swift' (74/74)
Done linting! Found 0 violations, 0 serious in 74 files.
