Linting Swift files in current working directory
Linting 'DH+Tokens.swift' (1/82)
Linting 'DHTabBar.swift' (2/82)
Linting 'DHChip.swift' (3/82)
Linting 'DHCard.swift' (4/82)
Linting 'DHHaptics.swift' (5/82)
Linting 'DHButton.swift' (6/82)
Linting 'DH+Color.swift' (7/82)
Linting 'DH+ChunkyShadow.swift' (8/82)
Linting 'DH+Fonts.swift' (9/82)
Linting 'DHWallpaper.swift' (10/82)
Linting 'StickerHeart.swift' (11/82)
Linting 'StickerFlower.swift' (12/82)
Linting 'GRWMLogo.swift' (13/82)
Linting 'StickerBow.swift' (14/82)
Linting 'StickerStar.swift' (15/82)
Linting 'StickerSparkle.swift' (16/82)
Linting 'CaptureService.swift' (17/82)
Linting 'DeepARClient.swift' (18/82)
Linting 'EffectFile.swift' (19/82)
Linting 'DeepARController+Parameters.swift' (20/82)
Linting 'EffectCatalog.swift' (21/82)
Linting 'EffectParameter.swift' (22/82)
Linting 'DeepARView.swift' (23/82)
Linting 'DeepARLicense.swift' (24/82)
Linting 'MakeupCategory.swift' (25/82)
Linting 'RecordingService.swift' (26/82)
Linting 'DeepARController+Recording.swift' (27/82)
Linting 'DeepARDelegateProxy.swift' (28/82)
Linting 'EffectSlot.swift' (29/82)
Linting 'MakeupShade.swift' (30/82)
Linting 'DeepARController.swift' (31/82)
Linting 'EffectParameterMap.swift' (32/82)
Linting 'RootContainer.swift' (33/82)
Linting 'GRWMStudioApp.swift' (34/82)
Linting 'AppDelegate.swift' (35/82)
Linting 'RootCoordinator.swift' (36/82)
Linting 'AppEnvironment.swift' (37/82)
Linting 'AppPermissionStatus.swift' (38/82)
Linting 'AppShell.swift' (39/82)
Linting 'DefaultPermissionsService.swift' (40/82)
Linting 'Concurrency+Extensions.swift' (41/82)
Linting 'Logger+GRWM.swift' (42/82)
Linting 'PermissionsService.swift' (43/82)
Linting 'URL+Documents.swift' (44/82)
Linting 'ProfileRecord.swift' (45/82)
Linting 'AppModelContainer.swift' (46/82)
Linting 'WelcomeView.swift' (47/82)
Linting 'ParentInfoView.swift' (48/82)
Linting 'PermissionsDeniedView.swift' (49/82)
Linting 'SplashView.swift' (50/82)
Linting 'PermRow.swift' (51/82)
Linting 'OnboardingState.swift' (52/82)
Linting 'FilterRailView.swift' (53/82)
Linting 'PermissionsView.swift' (54/82)
Linting 'SlotSelection.swift' (55/82)
Linting 'ShadeTrayView.swift' (56/82)
Linting 'MirrorViewModel.swift' (57/82)
Linting 'MirrorView.swift' (58/82)
Linting 'Shades+Skin.swift' (59/82)
Linting 'MirrorState.swift' (61/82)
Linting 'Shades+Base.swift' (63/82)
Linting 'Shade.swift' (62/82)
Linting 'FilterCategory.swift' (64/82)
Linting 'MirrorChrome.swift' (60/82)
Linting 'GRWMStudioTests.swift' (65/82)
Linting 'DHTokensTests.swift' (66/82)
Linting 'CaptureServiceTests.swift' (67/82)
Linting 'DeepARViewTests.swift' (68/82)
Linting 'DeepARLicenseTests.swift' (69/82)
Linting 'DeepARControllerBootstrapTests.swift' (70/82)
Linting 'DeepARControllerEffectTests.swift' (71/82)
Linting 'DeepARControllerParameterTests.swift' (72/82)
Linting 'EffectParameterMapTests.swift' (73/82)
Linting 'DeepARControllerRecordingTests.swift' (74/82)
Linting 'EffectCatalogTests.swift' (75/82)
Linting 'ProfileRecordTests.swift' (76/82)
Linting 'OnboardingStateTests.swift' (77/82)
Linting 'PermissionsServiceTests.swift' (78/82)
Linting 'ShadeTests.swift' (80/82)
Linting 'MirrorViewModelTests.swift' (81/82)
Linting 'FilterCategoryTests.swift' (79/82)
Linting 'GRWMStudioUITests.swift' (82/82)
Done linting! Found 0 violations, 0 serious in 82 files.
