Linting Swift files in current working directory
Linting 'DH+Tokens.swift' (1/87)
Linting 'DHTabBar.swift' (2/87)
Linting 'DHChip.swift' (3/87)
Linting 'DHCard.swift' (4/87)
Linting 'DHHaptics.swift' (5/87)
Linting 'DHButton.swift' (6/87)
Linting 'DH+Color.swift' (7/87)
Linting 'DH+ChunkyShadow.swift' (8/87)
Linting 'DH+Fonts.swift' (9/87)
Linting 'DHWallpaper.swift' (10/87)
Linting 'StickerHeart.swift' (11/87)
Linting 'StickerFlower.swift' (12/87)
Linting 'GRWMLogo.swift' (13/87)
Linting 'StickerBow.swift' (14/87)
Linting 'StickerStar.swift' (15/87)
Linting 'StickerSparkle.swift' (16/87)
Linting 'CaptureService.swift' (17/87)
Linting 'DeepARClient.swift' (18/87)
Linting 'EffectFile.swift' (19/87)
Linting 'EffectCatalog.swift' (20/87)
Linting 'DeepARController+Parameters.swift' (21/87)
Linting 'EffectParameter.swift' (22/87)
Linting 'DeepARView.swift' (23/87)
Linting 'DeepARLicense.swift' (24/87)
Linting 'MakeupCategory.swift' (25/87)
Linting 'RecordingService.swift' (26/87)
Linting 'DeepARController+Recording.swift' (27/87)
Linting 'DeepARDelegateProxy.swift' (29/87)
Linting 'EffectSlot.swift' (28/87)
Linting 'MakeupShade.swift' (30/87)
Linting 'EffectParameterMap.swift' (32/87)
Linting 'DeepARController.swift' (31/87)
Linting 'RootContainer.swift' (33/87)
Linting 'GRWMStudioApp.swift' (34/87)
Linting 'AppDelegate.swift' (35/87)
Linting 'AppShell.swift' (36/87)
Linting 'RootCoordinator.swift' (37/87)
Linting 'AppEnvironment.swift' (38/87)
Linting 'PermissionsService.swift' (39/87)
Linting 'AppPermissionStatus.swift' (40/87)
Linting 'DefaultPermissionsService.swift' (41/87)
Linting 'Logger+GRWM.swift' (42/87)
Linting 'URL+Documents.swift' (43/87)
Linting 'ProfileRecord.swift' (44/87)
Linting 'Concurrency+Extensions.swift' (45/87)
Linting 'AppModelContainer.swift' (46/87)
Linting 'WelcomeView.swift' (47/87)
Linting 'SplashView.swift' (48/87)
Linting 'PermRow.swift' (49/87)
Linting 'ParentInfoView.swift' (50/87)
Linting 'PermissionsDeniedView.swift' (51/87)
Linting 'PermissionsView.swift' (52/87)
Linting 'OnboardingState.swift' (53/87)
Linting 'EmptyShadeTrayView.swift' (54/87)
Linting 'SlotSelection.swift' (55/87)
Linting 'FilterRailView.swift' (56/87)
Linting 'ShadeTrayView.swift' (57/87)
Linting 'MirrorViewModel.swift' (58/87)
Linting 'EyesTrayView.swift' (60/87)
Linting 'Shades+Brows.swift' (59/87)
Linting 'MirrorView.swift' (61/87)
Linting 'Shade.swift' (62/87)
Linting 'Shades+Skin.swift' (63/87)
Linting 'MirrorChrome.swift' (64/87)
Linting 'MirrorState.swift' (65/87)
Linting 'Shades+Base.swift' (66/87)
Linting 'Shades+Cheeks.swift' (67/87)
Linting 'FilterCategory.swift' (68/87)
Linting 'GRWMStudioTests.swift' (69/87)
Linting 'Shades+Eyes.swift' (70/87)
Linting 'DHTokensTests.swift' (71/87)
Linting 'DeepARLicenseTests.swift' (73/87)
Linting 'DeepARViewTests.swift' (72/87)
Linting 'CaptureServiceTests.swift' (74/87)
Linting 'EffectParameterMapTests.swift' (75/87)
Linting 'DeepARControllerBootstrapTests.swift' (76/87)
Linting 'DeepARControllerEffectTests.swift' (77/87)
Linting 'DeepARControllerParameterTests.swift' (78/87)
Linting 'EffectCatalogTests.swift' (79/87)
Linting 'PermissionsServiceTests.swift' (80/87)
Linting 'DeepARControllerRecordingTests.swift' (81/87)
Linting 'ProfileRecordTests.swift' (82/87)
Linting 'FilterCategoryTests.swift' (83/87)
Linting 'ShadeTests.swift' (84/87)
Linting 'MirrorViewModelTests.swift' (85/87)
Linting 'GRWMStudioUITests.swift' (86/87)
Linting 'OnboardingStateTests.swift' (87/87)
Done linting! Found 0 violations, 0 serious in 87 files.
