Linting Swift files in current working directory
Linting 'DHTabBar.swift' (1/77)
Linting 'DH+Tokens.swift' (2/77)
Linting 'DHChip.swift' (3/77)
Linting 'DHCard.swift' (4/77)
Linting 'DHHaptics.swift' (5/77)
Linting 'DH+Color.swift' (7/77)
Linting 'DHButton.swift' (6/77)
Linting 'DH+Fonts.swift' (9/77)
Linting 'DH+ChunkyShadow.swift' (8/77)
Linting 'StickerHeart.swift' (10/77)
Linting 'StickerFlower.swift' (11/77)
Linting 'GRWMLogo.swift' (12/77)
Linting 'StickerBow.swift' (13/77)
Linting 'StickerStar.swift' (14/77)
Linting 'CaptureService.swift' (15/77)
Linting 'DeepARClient.swift' (16/77)
Linting 'EffectFile.swift' (17/77)
Linting 'DHWallpaper.swift' (18/77)
Linting 'EffectCatalog.swift' (19/77)
Linting 'StickerSparkle.swift' (20/77)
Linting 'EffectParameter.swift' (21/77)
Linting 'DeepARLicense.swift' (22/77)
Linting 'DeepARController+Parameters.swift' (23/77)
Linting 'DeepARView.swift' (24/77)
Linting 'MakeupCategory.swift' (25/77)
Linting 'RecordingService.swift' (26/77)
Linting 'DeepARController+Recording.swift' (27/77)
Linting 'EffectSlot.swift' (28/77)
Linting 'DeepARDelegateProxy.swift' (29/77)
Linting 'MakeupShade.swift' (30/77)
Linting 'DeepARController.swift' (31/77)
Linting 'EffectParameterMap.swift' (32/77)
Linting 'RootContainer.swift' (33/77)
Linting 'AppDelegate.swift' (34/77)
Linting 'AppShell.swift' (35/77)
Linting 'RootCoordinator.swift' (36/77)
Linting 'AppEnvironment.swift' (37/77)
Linting 'PermissionsService.swift' (38/77)
Linting 'AppPermissionStatus.swift' (39/77)
Linting 'DefaultPermissionsService.swift' (40/77)
Linting 'Concurrency+Extensions.swift' (41/77)
Linting 'URL+Documents.swift' (42/77)
Linting 'ProfileRecord.swift' (43/77)
Linting 'AppModelContainer.swift' (44/77)
Linting 'GRWMStudioApp.swift' (45/77)
Linting 'WelcomeView.swift' (46/77)
Linting 'ParentInfoView.swift' (47/77)
Linting 'SplashView.swift' (48/77)
Linting 'PermRow.swift' (49/77)
Linting 'Logger+GRWM.swift' (50/77)
Linting 'PermissionsDeniedView.swift' (51/77)
Linting 'OnboardingState.swift' (52/77)
Linting 'SlotSelection.swift' (53/77)
Linting 'FilterRailView.swift' (54/77)
Linting 'MirrorViewModel.swift' (55/77)
Linting 'MirrorView.swift' (56/77)
Linting 'MirrorState.swift' (57/77)
Linting 'MirrorChrome.swift' (58/77)
Linting 'FilterCategory.swift' (59/77)
Linting 'PermissionsView.swift' (60/77)
Linting 'GRWMStudioTests.swift' (61/77)
Linting 'DHTokensTests.swift' (62/77)
Linting 'CaptureServiceTests.swift' (63/77)
Linting 'DeepARViewTests.swift' (64/77)
Linting 'DeepARLicenseTests.swift' (65/77)
Linting 'EffectParameterMapTests.swift' (66/77)
Linting 'DeepARControllerEffectTests.swift' (67/77)
Linting 'DeepARControllerBootstrapTests.swift' (68/77)
Linting 'DeepARControllerParameterTests.swift' (69/77)
Linting 'PermissionsServiceTests.swift' (70/77)
Linting 'EffectCatalogTests.swift' (71/77)
Linting 'ProfileRecordTests.swift' (72/77)
Linting 'OnboardingStateTests.swift' (73/77)
Linting 'DeepARControllerRecordingTests.swift' (74/77)
Linting 'FilterCategoryTests.swift' (75/77)
Linting 'MirrorViewModelTests.swift' (76/77)
Linting 'GRWMStudioUITests.swift' (77/77)
Done linting! Found 0 violations, 0 serious in 77 files.
