## lint
Linting Swift files in current working directory
Linting 'StoreIDs.swift' (2/206)
Linting 'ProEntitlementsHolder.swift' (1/206)
Linting 'PurchaseLinks.swift' (3/206)
Linting 'PaywallViewModel.swift' (4/206)
Linting 'DHPaywallView.swift' (5/206)
Linting 'SettingsDebugSection.swift' (7/206)
Linting 'ProEntitlements.swift' (6/206)
Linting 'PurchasesSection.swift' (8/206)
Linting 'SettingsCommercePresentation.swift' (10/206)
Linting 'DHSettingsView.swift' (9/206)
Linting 'SettingsViewModel.swift' (11/206)
Linting 'SettingsPreferences.swift' (12/206)
Linting 'SettingsGroup.swift' (13/206)
Linting 'SettingsRow.swift' (14/206)
Linting 'DHToggle.swift' (15/206)
Linting 'DH+Tokens.swift' (16/206)
Linting 'DHAnim.swift' (17/206)
Linting 'DHTabBar.swift' (18/206)
Linting 'Sounds.swift' (19/206)
Linting 'DHChip.swift' (20/206)
Linting 'DHCard.swift' (21/206)
Linting 'DHHaptics.swift' (22/206)
Linting 'DHSkeleton.swift' (23/206)
Linting 'DHButton.swift' (24/206)
Linting 'FaceTrackingDots.swift' (25/206)
Linting 'DH+Color.swift' (26/206)
Linting 'DH+ChunkyShadow.swift' (27/206)
Linting 'DH+Fonts.swift' (28/206)
Linting 'DHWallpaper.swift' (29/206)
Linting 'StickerHeart.swift' (30/206)
Linting 'StickerFlower.swift' (31/206)
Linting 'GRWMLogo.swift' (32/206)
Linting 'StickerBow.swift' (33/206)
Linting 'StickerStar.swift' (34/206)
Linting 'StickerSparkle.swift' (35/206)
Linting 'VideoRecordingCoordinator.swift' (36/206)
Linting 'PhotoCaptureCoordinator.swift' (37/206)
Linting 'PreviewPlaceholderView.swift' (38/206)
Linting 'CapturedAsset.swift' (39/206)
Linting 'CaptureFAB.swift' (40/206)
Linting 'CaptureMode.swift' (41/206)
Linting 'CaptureService.swift' (42/206)
Linting 'CountdownOverlay.swift' (43/206)
Linting 'PhotoLibrarySaver.swift' (44/206)
Linting 'DeepARClient.swift' (45/206)
Linting 'DeepARController+FaceTracking.swift' (46/206)
Linting 'DeepARController+Parameters.swift' (47/206)
Linting 'EffectFile.swift' (48/206)
Linting 'EffectCatalog.swift' (49/206)
Linting 'EffectTextureCache.swift' (50/206)
Linting 'EffectParameter.swift' (51/206)
Linting 'DeepARView.swift' (52/206)
Linting 'DeepARLicense.swift' (53/206)
Linting 'MakeupCategory.swift' (54/206)
Linting 'RecordingService.swift' (55/206)
Linting 'DeepARController+Recording.swift' (56/206)
Linting 'DeepARDelegateProxy.swift' (57/206)
Linting 'EffectSlot.swift' (58/206)
Linting 'DeepARController+Lifecycle.swift' (59/206)
Linting 'DeepARController.swift' (60/206)
Linting 'MakeupShade.swift' (61/206)
Linting 'EffectParameterMap.swift' (62/206)
Linting 'RootContainer.swift' (63/206)
Linting 'GRWMStudioApp.swift' (64/206)
Linting 'AppShellSelection.swift' (65/206)
Linting 'AppDelegate.swift' (67/206)
Linting 'ToastView.swift' (66/206)
Linting 'AppEnvironment.swift' (68/206)
Linting 'AppShell.swift' (69/206)
Linting 'RootCoordinator.swift' (70/206)
Linting 'DHParentHoldView.swift' (71/206)
Linting 'TwoFingerHoldGesture.swift' (72/206)
Linting 'MathChip.swift' (73/206)
Linting 'ParentGateCoordinator.swift' (74/206)
Linting 'ParentGateIntent.swift' (75/206)
Linting 'DHParentMathView.swift' (76/206)
Linting 'ParentGateRootView.swift' (77/206)
Linting 'LookDetailView.swift' (78/206)
Linting 'SaveShareView.swift' (79/206)
Linting 'LooksLibraryView+States.swift' (80/206)
Linting 'LooksLibraryViewModel.swift' (81/206)
Linting 'LookSection.swift' (82/206)
Linting 'LookTutorialOverlay.swift' (83/206)
Linting 'LookCopy.swift' (84/206)
Linting 'LooksLibraryView.swift' (85/206)
Linting 'AppPermissionStatus.swift' (86/206)
Linting 'PermissionsService.swift' (87/206)
Linting 'DefaultPermissionsService.swift' (88/206)
Linting 'Logger+GRWM.swift' (89/206)
Linting 'Concurrency+Extensions.swift' (90/206)
Linting 'URL+Documents.swift' (91/206)
Linting 'L10n.swift' (92/206)
Linting 'ActivityShareSheet.swift' (93/206)
Linting 'AsyncBundleImage.swift' (94/206)
Linting 'PerformanceSignposts.swift' (95/206)
Linting 'DHAudio.swift' (96/206)
Linting 'StorageMonitor.swift' (97/206)
Linting 'GlowLevel.swift' (98/206)
Linting 'AvatarEditorView.swift' (99/206)
Linting 'FeedCardView.swift' (100/206)
Linting 'AvatarSwatch+Style.swift' (101/206)
Linting 'AvatarEditorViewModel.swift' (102/206)
Linting 'FeedItem.swift' (103/206)
Linting 'DHFeedView.swift' (104/206)
Linting 'FeedViewModel.swift' (105/206)
Linting 'FeedMosaic.swift' (106/206)
Linting 'FeedHeartPill.swift' (107/206)
Linting 'LockerView.swift' (108/206)
Linting 'ProfileRecord.swift' (109/206)
Linting 'AppModelContainer.swift' (110/206)
Linting 'LockerView+States.swift' (111/206)
Linting 'LockerDetailView.swift' (112/206)
Linting 'ThumbnailLoader.swift' (113/206)
Linting 'LockerAtLimitBanner.swift' (114/206)
Linting 'LockerCardView.swift' (115/206)
Linting 'LockerProfileHeroView.swift' (116/206)
Linting 'LockerEmptyView.swift' (117/206)
Linting 'ErrorVariant.swift' (118/206)
Linting 'LockerViewModel.swift' (119/206)
Linting 'ErrorRouter.swift' (120/206)
Linting 'DHErrorView.swift' (121/206)
Linting 'WelcomeView.swift' (122/206)
Linting 'ParentInfoView.swift' (123/206)
Linting 'SplashView.swift' (124/206)
Linting 'ErrorTone.swift' (125/206)
Linting 'PermissionsDeniedView.swift' (126/206)
Linting 'PermRow.swift' (127/206)
Linting 'OnboardingState.swift' (128/206)
Linting 'PermissionsView.swift' (129/206)
Linting 'LookSwitchConfirmationView.swift' (130/206)
Linting 'DebugRuntimeFlags.swift' (131/206)
Linting 'ErrorTriggerView.swift' (132/206)
Linting 'EmptyShadeTrayView.swift' (133/206)
Linting 'FilterRailView.swift' (134/206)
Linting 'MirrorViewModel+Lifecycle.swift' (135/206)
Linting 'MirrorViewModel+FaceTracking.swift' (136/206)
Linting 'Looks.swift' (137/206)
Linting 'SlotSelection.swift' (138/206)
Linting 'MirrorViewModel+Textures.swift' (139/206)
Linting 'MirrorViewModel+Reset.swift' (140/206)
Linting 'ShadeTrayView.swift' (141/206)
Linting 'MirrorBottomControls.swift' (142/206)
Linting 'MirrorViewModel+Selection.swift' (143/206)
Linting 'EyesTrayView.swift' (144/206)
Linting 'NoFaceTipView.swift' (145/206)
Linting 'MirrorViewModel+Controls.swift' (146/206)
Linting 'MirrorViewModel+Looks.swift' (147/206)
Linting 'Shades+Brows.swift' (148/206)
Linting 'MirrorTrayHostView.swift' (149/206)
Linting 'MirrorViewModel.swift' (150/206)
Linting 'MirrorView.swift' (151/206)
Linting 'MirrorState.swift' (152/206)
Linting 'CaptureFailureBanner.swift' (153/206)
Linting 'Shades+Lips.swift' (154/206)
Linting 'MirrorViewModel+Debug.swift' (155/206)
Linting 'Shades+Skin.swift' (157/206)
Linting 'Shade.swift' (156/206)
Linting 'MirrorViewModel+Capture.swift' (158/206)
Linting 'MirrorChrome.swift' (160/206)
Linting 'Shades+Base.swift' (161/206)
Linting 'EffectFailureBanner.swift' (159/206)
Linting 'MirrorView+Errors.swift' (162/206)
Linting 'Shades+Cheeks.swift' (163/206)
Linting 'FilterCategory.swift' (164/206)
Linting 'LooksTrayView.swift' (165/206)
Linting 'Shades+Eyes.swift' (166/206)
Linting 'AccessibilitySnapshotTests.swift' (167/206)
Linting 'GRWMStudioTests.swift' (168/206)
Linting 'HitTargetTests.swift' (169/206)
Linting 'DHTokensTests.swift' (170/206)
Linting 'SettingsPreferencesTests.swift' (171/206)
Linting 'DHAudioTests.swift' (172/206)
Linting 'CountdownOverlayTests.swift' (173/206)
Linting 'CaptureServiceTests.swift' (174/206)
Linting 'CapturePressClassifierTests.swift' (175/206)
Linting 'DeepARLicenseTests.swift' (176/206)
Linting 'DeepARViewTests.swift' (177/206)
Linting 'EffectParameterMapTests.swift' (178/206)
Linting 'EffectTextureCacheTests.swift' (179/206)
Linting 'DeepARControllerEffectTests.swift' (180/206)
Linting 'DeepARControllerParameterTests.swift' (181/206)
Linting 'DeepARControllerBootstrapTests.swift' (182/206)
Linting 'EffectCatalogTests.swift' (183/206)
Linting 'DeepARControllerRecordingTests.swift' (184/206)
Linting 'RootCoordinatorTests.swift' (185/206)
Linting 'ProfileRecordTests.swift' (186/206)
Linting 'PermissionsServiceTests.swift' (187/206)
Linting 'OnboardingStateTests.swift' (188/206)
Linting 'LockerViewModelTests.swift' (189/206)
Linting 'ShadeTests.swift' (190/206)
Linting 'FilterCategoryTests.swift' (191/206)
Linting 'MirrorLifecycleViewModelTests.swift' (192/206)
Linting 'MirrorCaptureViewModelTests.swift' (193/206)
Linting 'MirrorTestSupport.swift' (194/206)
Linting 'LooksTests.swift' (195/206)
Linting 'MirrorNoFaceViewModelTests.swift' (196/206)
Linting 'MirrorViewModelTests.swift' (197/206)
Linting 'MirrorResetViewModelTests.swift' (198/206)
Linting 'MirrorControlsViewModelTests.swift' (199/206)
Linting 'MirrorLipViewModelTests.swift' (200/206)
Linting 'MirrorEffectFailureViewModelTests.swift' (201/206)
Linting 'audit-contrast.swift' (202/206)
Linting 'GRWMStudioUITests.swift' (203/206)
Linting 'ErrorScreenshotsUITests.swift' (204/206)
Linting 'SettingsPolishUITests.swift' (205/206)
Linting 'AccessibilityUITests.swift' (206/206)
Done linting! Found 0 violations, 0 serious in 206 files.
## localization
No hardcoded user-facing strings found.
## hardcoded-colors
Hardcoded color audit passed.
## hardcoded-fonts
Hardcoded font audit passed.
## third-party-sdks
Third-party SDK audit passed: only DeepAR and system frameworks are imported by the app target.
## tracking-strings
Tracking/analytics SDK marker audit passed.
## contrast
PASS  Primary button copy          white on pink  3.25 (min 3.00)
PASS  White button copy            pinkDeep on white  5.03 (min 4.50)
PASS  Butter button copy           ink on butter  11.88 (min 4.50)
PASS  Mint surface body text       ink on mint  11.85 (min 4.50)
PASS  Body text on cream           ink on cream  15.61 (min 4.50)
PASS  Body text on pink paper      ink on pinkPaper  13.98 (min 4.50)
PASS  Large headline on pink paper pinkDeep on pinkPaper  4.25 (min 3.00)
PASS  Large headline on pink light pinkDeep on pinkLight  3.15 (min 3.00)
PASS  Badge copy on pink deep      white on pinkDeep  5.03 (min 4.50)
PASS  Large label on recording red white on recRed  3.64 (min 3.00)
PASS  Large label on lavender deep white on lavenderDeep  5.37 (min 4.50)
PASS  Deep text on cream           pinkDeep on cream  4.75 (min 4.50)
Contrast audit complete: 0 failures.
## deepar-isolation
