Linting Swift files in current working directory
Linting 'DHTabBar.swift' (2/117)
Linting 'DH+Tokens.swift' (1/117)
Linting 'Sounds.swift' (3/117)
Linting 'DHChip.swift' (4/117)
Linting 'DHCard.swift' (5/117)
Linting 'DHHaptics.swift' (6/117)
Linting 'DH+Color.swift' (7/117)
Linting 'DHButton.swift' (8/117)
Linting 'DH+ChunkyShadow.swift' (9/117)
Linting 'DH+Fonts.swift' (10/117)
Linting 'DHWallpaper.swift' (11/117)
Linting 'StickerFlower.swift' (12/117)
Linting 'GRWMLogo.swift' (13/117)
Linting 'StickerHeart.swift' (14/117)
Linting 'StickerBow.swift' (15/117)
Linting 'StickerStar.swift' (16/117)
Linting 'StickerSparkle.swift' (17/117)
Linting 'PhotoCaptureCoordinator.swift' (18/117)
Linting 'PreviewPlaceholderView.swift' (19/117)
Linting 'CapturedAsset.swift' (20/117)
Linting 'CaptureService.swift' (22/117)
Linting 'CaptureFAB.swift' (21/117)
Linting 'CaptureMode.swift' (23/117)
Linting 'DeepARClient.swift' (24/117)
Linting 'DeepARController+Parameters.swift' (26/117)
Linting 'EffectFile.swift' (25/117)
Linting 'CountdownOverlay.swift' (28/117)
Linting 'EffectParameter.swift' (29/117)
Linting 'EffectCatalog.swift' (27/117)
Linting 'DeepARView.swift' (30/117)
Linting 'DeepARLicense.swift' (31/117)
Linting 'MakeupCategory.swift' (32/117)
Linting 'RecordingService.swift' (33/117)
Linting 'DeepARController+Recording.swift' (34/117)
Linting 'DeepARDelegateProxy.swift' (35/117)
Linting 'MakeupShade.swift' (36/117)
Linting 'EffectSlot.swift' (37/117)
Linting 'DeepARController.swift' (38/117)
Linting 'EffectParameterMap.swift' (39/117)
Linting 'RootContainer.swift' (40/117)
Linting 'GRWMStudioApp.swift' (41/117)
Linting 'AppDelegate.swift' (42/117)
Linting 'AppShell.swift' (43/117)
Linting 'RootCoordinator.swift' (44/117)
Linting 'AppEnvironment.swift' (45/117)
Linting 'AppPermissionStatus.swift' (46/117)
Linting 'PermissionsService.swift' (47/117)
Linting 'DefaultPermissionsService.swift' (48/117)
Linting 'Concurrency+Extensions.swift' (49/117)
Linting 'Logger+GRWM.swift' (50/117)
Linting 'URL+Documents.swift' (51/117)
Linting 'ProfileRecord.swift' (52/117)
Linting 'AppModelContainer.swift' (53/117)
Linting 'ParentInfoView.swift' (54/117)
Linting 'WelcomeView.swift' (55/117)
Linting 'SplashView.swift' (56/117)
Linting 'PermRow.swift' (57/117)
Linting 'PermissionsView.swift' (59/117)
Linting 'OnboardingState.swift' (58/117)
Linting 'LookSwitchConfirmationView.swift' (60/117)
Linting 'PermissionsDeniedView.swift' (61/117)
Linting 'EmptyShadeTrayView.swift' (62/117)
Linting 'FilterRailView.swift' (63/117)
Linting 'Looks.swift' (64/117)
Linting 'SlotSelection.swift' (65/117)
Linting 'MirrorBottomControls.swift' (67/117)
Linting 'MirrorViewModel+Reset.swift' (66/117)
Linting 'ShadeTrayView.swift' (68/117)
Linting 'MirrorViewModel+Selection.swift' (69/117)
Linting 'EyesTrayView.swift' (70/117)
Linting 'NoFaceTipView.swift' (71/117)
Linting 'MirrorViewModel+Controls.swift' (72/117)
Linting 'MirrorViewModel+Looks.swift' (73/117)
Linting 'MirrorTrayHostView.swift' (74/117)
Linting 'MirrorViewModel.swift' (75/117)
Linting 'Shades+Brows.swift' (76/117)
Linting 'MirrorState.swift' (77/117)
Linting 'MirrorView.swift' (78/117)
Linting 'Shades+Lips.swift' (79/117)
Linting 'CaptureFailureBanner.swift' (80/117)
Linting 'Shade.swift' (81/117)
Linting 'Shades+Skin.swift' (82/117)
Linting 'MirrorViewModel+Capture.swift' (83/117)
Linting 'MirrorChrome.swift' (84/117)
Linting 'Shades+Base.swift' (85/117)
Linting 'EffectFailureBanner.swift' (86/117)
Linting 'MirrorView+Errors.swift' (87/117)
Linting 'Shades+Eyes.swift' (88/117)
Linting 'LooksTrayView.swift' (89/117)
Linting 'Shades+Cheeks.swift' (90/117)
Linting 'FilterCategory.swift' (91/117)
Linting 'GRWMStudioTests.swift' (92/117)
Linting 'DHTokensTests.swift' (93/117)
Linting 'CaptureServiceTests.swift' (94/117)
Linting 'CountdownOverlayTests.swift' (95/117)
Linting 'DeepARViewTests.swift' (96/117)
Linting 'CapturePressClassifierTests.swift' (97/117)
Linting 'DeepARLicenseTests.swift' (98/117)
Linting 'EffectParameterMapTests.swift' (99/117)
Linting 'DeepARControllerEffectTests.swift' (100/117)
Linting 'DeepARControllerBootstrapTests.swift' (101/117)
Linting 'DeepARControllerParameterTests.swift' (102/117)
Linting 'DeepARControllerRecordingTests.swift' (104/117)
Linting 'EffectCatalogTests.swift' (103/117)
Linting 'ProfileRecordTests.swift' (105/117)
Linting 'PermissionsServiceTests.swift' (106/117)
Linting 'OnboardingStateTests.swift' (107/117)
Linting 'FilterCategoryTests.swift' (108/117)
Linting 'ShadeTests.swift' (109/117)
Linting 'LooksTests.swift' (111/117)
Linting 'MirrorCaptureViewModelTests.swift' (110/117)
Linting 'MirrorResetViewModelTests.swift' (112/117)
Linting 'MirrorViewModelTests.swift' (113/117)
Linting 'MirrorLipViewModelTests.swift' (114/117)
Linting 'MirrorControlsViewModelTests.swift' (115/117)
Linting 'MirrorEffectFailureViewModelTests.swift' (116/117)
Linting 'GRWMStudioUITests.swift' (117/117)
Done linting! Found 0 violations, 0 serious in 117 files.
