Linting Swift files in current working directory
Linting 'DHTabBar.swift' (2/102)
Linting 'DH+Tokens.swift' (1/102)
Linting 'DHChip.swift' (3/102)
Linting 'DHCard.swift' (4/102)
Linting 'DHHaptics.swift' (5/102)
Linting 'DHButton.swift' (6/102)
Linting 'DH+Color.swift' (7/102)
Linting 'DH+Fonts.swift' (9/102)
Linting 'DH+ChunkyShadow.swift' (8/102)
Linting 'DHWallpaper.swift' (10/102)
Linting 'StickerHeart.swift' (11/102)
Linting 'GRWMLogo.swift' (12/102)
Linting 'StickerBow.swift' (14/102)
Linting 'StickerFlower.swift' (13/102)
Linting 'StickerStar.swift' (15/102)
Linting 'StickerSparkle.swift' (16/102)
Linting 'CaptureService.swift' (17/102)
Linting 'DeepARClient.swift' (18/102)
Linting 'EffectFile.swift' (19/102)
Linting 'DeepARController+Parameters.swift' (21/102)
Linting 'EffectCatalog.swift' (20/102)
Linting 'EffectParameter.swift' (22/102)
Linting 'DeepARView.swift' (23/102)
Linting 'DeepARLicense.swift' (24/102)
Linting 'MakeupCategory.swift' (25/102)
Linting 'RecordingService.swift' (26/102)
Linting 'DeepARController+Recording.swift' (27/102)
Linting 'DeepARDelegateProxy.swift' (28/102)
Linting 'EffectSlot.swift' (29/102)
Linting 'MakeupShade.swift' (30/102)
Linting 'DeepARController.swift' (31/102)
Linting 'EffectParameterMap.swift' (32/102)
Linting 'RootContainer.swift' (33/102)
Linting 'AppDelegate.swift' (34/102)
Linting 'GRWMStudioApp.swift' (35/102)
Linting 'AppShell.swift' (36/102)
Linting 'AppEnvironment.swift' (37/102)
Linting 'RootCoordinator.swift' (38/102)
Linting 'PermissionsService.swift' (39/102)
Linting 'AppPermissionStatus.swift' (40/102)
Linting 'Concurrency+Extensions.swift' (41/102)
Linting 'DefaultPermissionsService.swift' (42/102)
Linting 'Logger+GRWM.swift' (43/102)
Linting 'URL+Documents.swift' (44/102)
Linting 'ProfileRecord.swift' (45/102)
Linting 'AppModelContainer.swift' (46/102)
Linting 'ParentInfoView.swift' (47/102)
Linting 'SplashView.swift' (49/102)
Linting 'WelcomeView.swift' (48/102)
Linting 'PermRow.swift' (50/102)
Linting 'OnboardingState.swift' (51/102)
Linting 'PermissionsDeniedView.swift' (52/102)
Linting 'PermissionsView.swift' (53/102)
Linting 'EmptyShadeTrayView.swift' (54/102)
Linting 'LookSwitchConfirmationView.swift' (55/102)
Linting 'FilterRailView.swift' (56/102)
Linting 'MirrorViewModel+Reset.swift' (57/102)
Linting 'Looks.swift' (58/102)
Linting 'SlotSelection.swift' (59/102)
Linting 'ShadeTrayView.swift' (60/102)
Linting 'NoFaceTipView.swift' (61/102)
Linting 'EyesTrayView.swift' (62/102)
Linting 'MirrorViewModel+Controls.swift' (63/102)
Linting 'MirrorViewModel+Looks.swift' (64/102)
Linting 'MirrorTrayHostView.swift' (65/102)
Linting 'MirrorViewModel.swift' (66/102)
Linting 'MirrorView.swift' (67/102)
Linting 'MirrorState.swift' (68/102)
Linting 'Shades+Lips.swift' (69/102)
Linting 'Shade.swift' (70/102)
Linting 'Shades+Skin.swift' (71/102)
Linting 'MirrorChrome.swift' (72/102)
Linting 'Shades+Base.swift' (73/102)
Linting 'MirrorBottomControls.swift' (74/102)
Linting 'MirrorView+Errors.swift' (75/102)
Linting 'Shades+Eyes.swift' (76/102)
Linting 'Shades+Brows.swift' (77/102)
Linting 'Shades+Cheeks.swift' (78/102)
Linting 'FilterCategory.swift' (79/102)
Linting 'LooksTrayView.swift' (80/102)
Linting 'GRWMStudioTests.swift' (81/102)
Linting 'CaptureServiceTests.swift' (82/102)
Linting 'DHTokensTests.swift' (83/102)
Linting 'DeepARViewTests.swift' (84/102)
Linting 'EffectParameterMapTests.swift' (85/102)
Linting 'DeepARLicenseTests.swift' (86/102)
Linting 'DeepARControllerParameterTests.swift' (87/102)
Linting 'DeepARControllerBootstrapTests.swift' (88/102)
Linting 'DeepARControllerEffectTests.swift' (89/102)
Linting 'EffectCatalogTests.swift' (90/102)
Linting 'DeepARControllerRecordingTests.swift' (91/102)
Linting 'PermissionsServiceTests.swift' (92/102)
Linting 'ShadeTests.swift' (93/102)
Linting 'FilterCategoryTests.swift' (94/102)
Linting 'ProfileRecordTests.swift' (95/102)
Linting 'OnboardingStateTests.swift' (96/102)
Linting 'LooksTests.swift' (97/102)
Linting 'MirrorResetViewModelTests.swift' (98/102)
Linting 'MirrorLipViewModelTests.swift' (99/102)
Linting 'MirrorControlsViewModelTests.swift' (100/102)
Linting 'GRWMStudioUITests.swift' (101/102)
Linting 'MirrorViewModelTests.swift' (102/102)
Done linting! Found 0 violations, 0 serious in 102 files.
