Linting Swift files in current working directory
Linting 'DH+Tokens.swift' (1/115)
Linting 'DHTabBar.swift' (2/115)
Linting 'Sounds.swift' (3/115)
Linting 'DHChip.swift' (4/115)
Linting 'DHCard.swift' (5/115)
Linting 'DHHaptics.swift' (6/115)
Linting 'DHButton.swift' (7/115)
Linting 'DH+Color.swift' (8/115)
Linting 'DH+ChunkyShadow.swift' (9/115)
Linting 'DH+Fonts.swift' (10/115)
Linting 'DHWallpaper.swift' (11/115)
Linting 'StickerHeart.swift' (12/115)
Linting 'StickerFlower.swift' (13/115)
Linting 'GRWMLogo.swift' (14/115)
Linting 'StickerBow.swift' (15/115)
Linting 'StickerStar.swift' (16/115)
Linting 'StickerSparkle.swift' (17/115)
Linting 'PhotoCaptureCoordinator.swift' (18/115)
Linting 'PreviewPlaceholderView.swift' (19/115)
Linting 'CapturedAsset.swift' (20/115)
Linting 'CaptureFAB.swift' (21/115)
Linting 'CaptureService.swift' (22/115)
Linting 'CaptureMode.swift' (23/115)
Linting 'DeepARClient.swift' (24/115)
Linting 'EffectFile.swift' (25/115)
Linting 'EffectCatalog.swift' (26/115)
Linting 'DeepARView.swift' (27/115)
Linting 'DeepARLicense.swift' (28/115)
Linting 'EffectParameter.swift' (29/115)
Linting 'DeepARController+Parameters.swift' (30/115)
Linting 'RecordingService.swift' (31/115)
Linting 'MakeupCategory.swift' (32/115)
Linting 'DeepARController+Recording.swift' (33/115)
Linting 'DeepARDelegateProxy.swift' (34/115)
Linting 'EffectSlot.swift' (35/115)
Linting 'MakeupShade.swift' (36/115)
Linting 'EffectParameterMap.swift' (37/115)
Linting 'DeepARController.swift' (38/115)
Linting 'RootContainer.swift' (39/115)
Linting 'GRWMStudioApp.swift' (40/115)
Linting 'AppDelegate.swift' (41/115)
Linting 'AppEnvironment.swift' (42/115)
Linting 'AppShell.swift' (43/115)
Linting 'RootCoordinator.swift' (44/115)
Linting 'AppPermissionStatus.swift' (45/115)
Linting 'DefaultPermissionsService.swift' (46/115)
Linting 'PermissionsService.swift' (47/115)
Linting 'Concurrency+Extensions.swift' (48/115)
Linting 'Logger+GRWM.swift' (49/115)
Linting 'URL+Documents.swift' (50/115)
Linting 'ProfileRecord.swift' (51/115)
Linting 'ParentInfoView.swift' (52/115)
Linting 'AppModelContainer.swift' (53/115)
Linting 'SplashView.swift' (54/115)
Linting 'WelcomeView.swift' (55/115)
Linting 'PermRow.swift' (56/115)
Linting 'PermissionsDeniedView.swift' (57/115)
Linting 'OnboardingState.swift' (58/115)
Linting 'PermissionsView.swift' (59/115)
Linting 'LookSwitchConfirmationView.swift' (60/115)
Linting 'Looks.swift' (61/115)
Linting 'SlotSelection.swift' (62/115)
Linting 'EmptyShadeTrayView.swift' (63/115)
Linting 'FilterRailView.swift' (64/115)
Linting 'MirrorViewModel+Reset.swift' (65/115)
Linting 'ShadeTrayView.swift' (66/115)
Linting 'MirrorViewModel+Selection.swift' (67/115)
Linting 'EyesTrayView.swift' (68/115)
Linting 'NoFaceTipView.swift' (69/115)
Linting 'MirrorViewModel+Controls.swift' (70/115)
Linting 'MirrorViewModel+Looks.swift' (71/115)
Linting 'MirrorTrayHostView.swift' (72/115)
Linting 'MirrorViewModel.swift' (73/115)
Linting 'MirrorBottomControls.swift' (74/115)
Linting 'MirrorView.swift' (75/115)
Linting 'Shades+Brows.swift' (77/115)
Linting 'Shades+Lips.swift' (76/115)
Linting 'MirrorState.swift' (78/115)
Linting 'CaptureFailureBanner.swift' (79/115)
Linting 'MirrorViewModel+Capture.swift' (80/115)
Linting 'MirrorChrome.swift' (81/115)
Linting 'Shades+Base.swift' (82/115)
Linting 'Shade.swift' (83/115)
Linting 'Shades+Skin.swift' (84/115)
Linting 'EffectFailureBanner.swift' (85/115)
Linting 'LooksTrayView.swift' (86/115)
Linting 'Shades+Cheeks.swift' (87/115)
Linting 'FilterCategory.swift' (88/115)
Linting 'MirrorView+Errors.swift' (89/115)
Linting 'GRWMStudioTests.swift' (90/115)
Linting 'Shades+Eyes.swift' (91/115)
Linting 'CaptureServiceTests.swift' (92/115)
Linting 'DeepARViewTests.swift' (93/115)
Linting 'DeepARLicenseTests.swift' (94/115)
Linting 'DHTokensTests.swift' (95/115)
Linting 'CapturePressClassifierTests.swift' (96/115)
Linting 'EffectParameterMapTests.swift' (97/115)
Linting 'DeepARControllerEffectTests.swift' (98/115)
Linting 'DeepARControllerParameterTests.swift' (99/115)
Linting 'DeepARControllerBootstrapTests.swift' (100/115)
Linting 'EffectCatalogTests.swift' (101/115)
Linting 'ProfileRecordTests.swift' (102/115)
Linting 'DeepARControllerRecordingTests.swift' (103/115)
Linting 'PermissionsServiceTests.swift' (104/115)
Linting 'OnboardingStateTests.swift' (105/115)
Linting 'FilterCategoryTests.swift' (106/115)
Linting 'ShadeTests.swift' (107/115)
Linting 'MirrorCaptureViewModelTests.swift' (108/115)
Linting 'LooksTests.swift' (109/115)
Linting 'MirrorViewModelTests.swift' (110/115)
Linting 'MirrorResetViewModelTests.swift' (111/115)
Linting 'MirrorLipViewModelTests.swift' (112/115)
Linting 'MirrorControlsViewModelTests.swift' (113/115)
Linting 'GRWMStudioUITests.swift' (114/115)
Linting 'MirrorEffectFailureViewModelTests.swift' (115/115)
Done linting! Found 0 violations, 0 serious in 115 files.
