Linting Swift files in current working directory
Linting 'DH+Tokens.swift' (1/24)
Linting 'DHChip.swift' (2/24)
Linting 'DHCard.swift' (3/24)
Linting 'DHHaptics.swift' (4/24)
Linting 'DHButton.swift' (5/24)
Linting 'DH+ChunkyShadow.swift' (7/24)
Linting 'DH+Color.swift' (6/24)
Linting 'DHWallpaper.swift' (8/24)
Linting 'StickerHeart.swift' (9/24)
Linting 'StickerFlower.swift' (10/24)
Linting 'GRWMLogo.swift' (11/24)
Linting 'StickerBow.swift' (12/24)
Linting 'StickerStar.swift' (13/24)
Linting 'StickerSparkle.swift' (14/24)
Linting 'RootContainer.swift' (15/24)
Linting 'DH+Fonts.swift' (16/24)
Linting 'GRWMStudioApp.swift' (17/24)
Linting 'RootCoordinator.swift' (18/24)
Linting 'AppDelegate.swift' (19/24)
Linting 'AppEnvironment.swift' (20/24)
Linting 'SplashView.swift' (21/24)
Linting 'GRWMStudioTests.swift' (22/24)
Linting 'DHTokensTests.swift' (23/24)
Linting 'GRWMStudioUITests.swift' (24/24)
Done linting! Found 0 violations, 0 serious in 24 files.
