Linting Swift files in current working directory
Linting 'DH+Tokens.swift' (1/97)
Linting 'DHTabBar.swift' (2/97)
Linting 'DHChip.swift' (3/97)
Linting 'DHCard.swift' (4/97)
Linting 'DHHaptics.swift' (5/97)
Linting 'DHButton.swift' (6/97)
Linting 'DH+Color.swift' (7/97)
Linting 'DH+ChunkyShadow.swift' (8/97)
Linting 'DH+Fonts.swift' (9/97)
Linting 'StickerHeart.swift' (11/97)
Linting 'StickerFlower.swift' (12/97)
Linting 'DHWallpaper.swift' (10/97)
Linting 'GRWMLogo.swift' (13/97)
Linting 'StickerBow.swift' (14/97)
Linting 'StickerStar.swift' (15/97)
Linting 'StickerSparkle.swift' (16/97)
Linting 'CaptureService.swift' (17/97)
Linting 'DeepARClient.swift' (18/97)
Linting 'EffectFile.swift' (19/97)
Linting 'EffectCatalog.swift' (20/97)
Linting 'EffectParameter.swift' (21/97)
Linting 'DeepARView.swift' (22/97)
Linting 'DeepARLicense.swift' (23/97)
Linting 'DeepARController+Recording.swift' (26/97)
Linting 'MakeupCategory.swift' (24/97)
Linting 'RecordingService.swift' (25/97)
Linting 'DeepARDelegateProxy.swift' (27/97)
Linting 'EffectSlot.swift' (28/97)
Linting 'MakeupShade.swift' (29/97)
Linting 'DeepARController.swift' (30/97)
Linting 'EffectParameterMap.swift' (31/97)
Linting 'RootContainer.swift' (32/97)
Linting 'DeepARController+Parameters.swift' (33/97)
Linting 'GRWMStudioApp.swift' (34/97)
Linting 'AppShell.swift' (35/97)
Linting 'AppDelegate.swift' (36/97)
Linting 'RootCoordinator.swift' (37/97)
Linting 'AppEnvironment.swift' (38/97)
Linting 'AppPermissionStatus.swift' (39/97)
Linting 'PermissionsService.swift' (40/97)
Linting 'DefaultPermissionsService.swift' (41/97)
Linting 'Logger+GRWM.swift' (42/97)
Linting 'Concurrency+Extensions.swift' (43/97)
Linting 'URL+Documents.swift' (44/97)
Linting 'ProfileRecord.swift' (45/97)
Linting 'ParentInfoView.swift' (46/97)
Linting 'WelcomeView.swift' (47/97)
Linting 'SplashView.swift' (48/97)
Linting 'PermRow.swift' (49/97)
Linting 'PermissionsDeniedView.swift' (50/97)
Linting 'OnboardingState.swift' (51/97)
Linting 'PermissionsView.swift' (52/97)
Linting 'LookSwitchConfirmationView.swift' (53/97)
Linting 'EmptyShadeTrayView.swift' (54/97)
Linting 'FilterRailView.swift' (55/97)
Linting 'Looks.swift' (56/97)
Linting 'SlotSelection.swift' (57/97)
Linting 'AppModelContainer.swift' (58/97)
Linting 'MirrorViewModel+Reset.swift' (59/97)
Linting 'ShadeTrayView.swift' (60/97)
Linting 'MirrorViewModel+Looks.swift' (61/97)
Linting 'EyesTrayView.swift' (62/97)
Linting 'MirrorViewModel.swift' (63/97)
Linting 'Shades+Brows.swift' (64/97)
Linting 'MirrorView.swift' (65/97)
Linting 'MirrorState.swift' (66/97)
Linting 'Shades+Lips.swift' (67/97)
Linting 'Shade.swift' (68/97)
Linting 'Shades+Skin.swift' (69/97)
Linting 'MirrorChrome.swift' (70/97)
Linting 'Shades+Base.swift' (71/97)
Linting 'MirrorView+Errors.swift' (72/97)
Linting 'Shades+Eyes.swift' (73/97)
Linting 'LooksTrayView.swift' (74/97)
Linting 'Shades+Cheeks.swift' (75/97)
Linting 'FilterCategory.swift' (76/97)
Linting 'GRWMStudioTests.swift' (77/97)
Linting 'DHTokensTests.swift' (78/97)
Linting 'CaptureServiceTests.swift' (79/97)
Linting 'DeepARViewTests.swift' (80/97)
Linting 'DeepARLicenseTests.swift' (81/97)
Linting 'EffectParameterMapTests.swift' (82/97)
Linting 'DeepARControllerBootstrapTests.swift' (83/97)
Linting 'DeepARControllerParameterTests.swift' (84/97)
Linting 'DeepARControllerRecordingTests.swift' (85/97)
Linting 'EffectCatalogTests.swift' (86/97)
Linting 'PermissionsServiceTests.swift' (87/97)
Linting 'ProfileRecordTests.swift' (88/97)
Linting 'OnboardingStateTests.swift' (89/97)
Linting 'FilterCategoryTests.swift' (90/97)
Linting 'ShadeTests.swift' (91/97)
Linting 'LooksTests.swift' (92/97)
Linting 'MirrorResetViewModelTests.swift' (93/97)
Linting 'MirrorViewModelTests.swift' (94/97)
Linting 'MirrorLipViewModelTests.swift' (95/97)
Linting 'GRWMStudioUITests.swift' (96/97)
Linting 'DeepARControllerEffectTests.swift' (97/97)
Done linting! Found 0 violations, 0 serious in 97 files.

PASS: lint exited 0
