$ ./Scripts/lint.sh
Linting Swift files in current working directory
Linting 'DHTabBar.swift' (2/70)
Linting 'DH+Tokens.swift' (1/70)
Linting 'DHChip.swift' (3/70)
Linting 'DHCard.swift' (4/70)
Linting 'DHButton.swift' (5/70)
Linting 'DHHaptics.swift' (6/70)
Linting 'DH+Color.swift' (7/70)
Linting 'DH+ChunkyShadow.swift' (8/70)
Linting 'DH+Fonts.swift' (9/70)
Linting 'DHWallpaper.swift' (10/70)
Linting 'StickerHeart.swift' (11/70)
Linting 'StickerFlower.swift' (12/70)
Linting 'GRWMLogo.swift' (13/70)
Linting 'StickerStar.swift' (14/70)
Linting 'StickerSparkle.swift' (15/70)
Linting 'StickerBow.swift' (16/70)
Linting 'CaptureService.swift' (17/70)
Linting 'EffectFile.swift' (19/70)
Linting 'DeepARClient.swift' (18/70)
Linting 'EffectCatalog.swift' (20/70)
Linting 'DeepARController+Parameters.swift' (21/70)
Linting 'EffectParameter.swift' (22/70)
Linting 'DeepARView.swift' (23/70)
Linting 'MakeupCategory.swift' (24/70)
Linting 'RecordingService.swift' (25/70)
Linting 'DeepARController+Recording.swift' (26/70)
Linting 'DeepARDelegateProxy.swift' (27/70)
Linting 'MakeupShade.swift' (28/70)
Linting 'EffectSlot.swift' (29/70)
Linting 'EffectParameterMap.swift' (30/70)
Linting 'DeepARController.swift' (31/70)
Linting 'RootContainer.swift' (32/70)
Linting 'GRWMStudioApp.swift' (33/70)
Linting 'AppDelegate.swift' (34/70)
Linting 'AppShell.swift' (35/70)
Linting 'RootCoordinator.swift' (36/70)
Linting 'AppEnvironment.swift' (37/70)
Linting 'AppPermissionStatus.swift' (38/70)
Linting 'PermissionsService.swift' (39/70)
Linting 'DefaultPermissionsService.swift' (40/70)
Linting 'Concurrency+Extensions.swift' (41/70)
Linting 'Logger+GRWM.swift' (42/70)
Linting 'URL+Documents.swift' (43/70)
Linting 'ProfileRecord.swift' (44/70)
Linting 'AppModelContainer.swift' (45/70)
Linting 'ParentInfoView.swift' (46/70)
Linting 'WelcomeView.swift' (47/70)
Linting 'SplashView.swift' (48/70)
Linting 'PermRow.swift' (49/70)
Linting 'PermissionsDeniedView.swift' (50/70)
Linting 'OnboardingState.swift' (51/70)
Linting 'PermissionsView.swift' (52/70)
Linting 'MirrorViewModel.swift' (53/70)
Linting 'MirrorView.swift' (54/70)
Linting 'MirrorChrome.swift' (55/70)
Linting 'GRWMStudioTests.swift' (56/70)
Linting 'DHTokensTests.swift' (57/70)
Linting 'CaptureServiceTests.swift' (58/70)
Linting 'DeepARViewTests.swift' (59/70)
Linting 'EffectParameterMapTests.swift' (60/70)
Linting 'DeepARControllerEffectTests.swift' (61/70)
Linting 'DeepARControllerBootstrapTests.swift' (62/70)
Linting 'DeepARControllerParameterTests.swift' (63/70)
Linting 'DeepARControllerRecordingTests.swift' (64/70)
Linting 'EffectCatalogTests.swift' (65/70)
Linting 'PermissionsServiceTests.swift' (66/70)
Linting 'OnboardingStateTests.swift' (67/70)
Linting 'ProfileRecordTests.swift' (68/70)
Linting 'MirrorViewModelTests.swift' (69/70)
Linting 'GRWMStudioUITests.swift' (70/70)
Done linting! Found 0 violations, 0 serious in 70 files.
PASS swiftlint
