$ ./Scripts/lint.sh
Linting Swift files in current working directory
Linting 'DH+Tokens.swift' (1/66)
Linting 'DHTabBar.swift' (2/66)
Linting 'DHChip.swift' (3/66)
Linting 'DHCard.swift' (4/66)
Linting 'DHHaptics.swift' (5/66)
Linting 'DHButton.swift' (6/66)
Linting 'DH+Color.swift' (7/66)
Linting 'DH+ChunkyShadow.swift' (8/66)
Linting 'DH+Fonts.swift' (9/66)
Linting 'DHWallpaper.swift' (10/66)
Linting 'StickerHeart.swift' (11/66)
Linting 'StickerFlower.swift' (12/66)
Linting 'GRWMLogo.swift' (13/66)
Linting 'StickerBow.swift' (14/66)
Linting 'StickerStar.swift' (15/66)
Linting 'StickerSparkle.swift' (16/66)
Linting 'CaptureService.swift' (17/66)
Linting 'DeepARClient.swift' (18/66)
Linting 'EffectCatalog.swift' (20/66)
Linting 'EffectFile.swift' (19/66)
Linting 'DeepARController+Parameters.swift' (21/66)
Linting 'EffectParameter.swift' (22/66)
Linting 'DeepARView.swift' (23/66)
Linting 'MakeupCategory.swift' (24/66)
Linting 'RecordingService.swift' (25/66)
Linting 'DeepARController+Recording.swift' (26/66)
Linting 'DeepARDelegateProxy.swift' (27/66)
Linting 'EffectSlot.swift' (28/66)
Linting 'MakeupShade.swift' (29/66)
Linting 'DeepARController.swift' (30/66)
Linting 'RootContainer.swift' (31/66)
Linting 'GRWMStudioApp.swift' (32/66)
Linting 'EffectParameterMap.swift' (33/66)
Linting 'AppDelegate.swift' (34/66)
Linting 'RootCoordinator.swift' (35/66)
Linting 'AppShell.swift' (36/66)
Linting 'AppEnvironment.swift' (37/66)
Linting 'AppPermissionStatus.swift' (38/66)
Linting 'Concurrency+Extensions.swift' (39/66)
Linting 'PermissionsService.swift' (40/66)
Linting 'DefaultPermissionsService.swift' (41/66)
Linting 'URL+Documents.swift' (42/66)
Linting 'Logger+GRWM.swift' (43/66)
Linting 'ProfileRecord.swift' (44/66)
Linting 'AppModelContainer.swift' (45/66)
Linting 'ParentInfoView.swift' (46/66)
Linting 'WelcomeView.swift' (47/66)
Linting 'SplashView.swift' (48/66)
Linting 'PermRow.swift' (49/66)
Linting 'PermissionsView.swift' (50/66)
Linting 'OnboardingState.swift' (51/66)
Linting 'GRWMStudioTests.swift' (52/66)
Linting 'DHTokensTests.swift' (53/66)
Linting 'PermissionsDeniedView.swift' (54/66)
Linting 'DeepARViewTests.swift' (55/66)
Linting 'CaptureServiceTests.swift' (56/66)
Linting 'EffectParameterMapTests.swift' (57/66)
Linting 'EffectCatalogTests.swift' (58/66)
Linting 'DeepARControllerEffectTests.swift' (59/66)
Linting 'DeepARControllerBootstrapTests.swift' (60/66)
Linting 'DeepARControllerParameterTests.swift' (61/66)
Linting 'ProfileRecordTests.swift' (63/66)
Linting 'DeepARControllerRecordingTests.swift' (62/66)
Linting 'GRWMStudioUITests.swift' (64/66)
Linting 'PermissionsServiceTests.swift' (65/66)
Linting 'OnboardingStateTests.swift' (66/66)
Done linting! Found 0 violations, 0 serious in 66 files.
PASS swiftlint
