Linting Swift files in current working directory
Linting 'DH+Tokens.swift' (1/99)
Linting 'DHTabBar.swift' (2/99)
Linting 'DHChip.swift' (3/99)
Linting 'DHCard.swift' (4/99)
Linting 'DHHaptics.swift' (5/99)
Linting 'DHButton.swift' (6/99)
Linting 'DH+ChunkyShadow.swift' (7/99)
Linting 'DH+Color.swift' (8/99)
Linting 'DH+Fonts.swift' (9/99)
Linting 'DHWallpaper.swift' (10/99)
Linting 'StickerHeart.swift' (11/99)
Linting 'StickerFlower.swift' (12/99)
Linting 'GRWMLogo.swift' (13/99)
Linting 'StickerBow.swift' (14/99)
Linting 'StickerStar.swift' (15/99)
Linting 'StickerSparkle.swift' (16/99)
Linting 'DeepARClient.swift' (18/99)
Linting 'CaptureService.swift' (17/99)
Linting 'EffectFile.swift' (19/99)
Linting 'EffectCatalog.swift' (20/99)
Linting 'DeepARController+Parameters.swift' (21/99)
Linting 'EffectParameter.swift' (22/99)
Linting 'DeepARView.swift' (23/99)
Linting 'MakeupCategory.swift' (25/99)
Linting 'DeepARLicense.swift' (24/99)
Linting 'RecordingService.swift' (26/99)
Linting 'DeepARController+Recording.swift' (27/99)
Linting 'DeepARDelegateProxy.swift' (28/99)
Linting 'EffectSlot.swift' (29/99)
Linting 'MakeupShade.swift' (30/99)
Linting 'DeepARController.swift' (31/99)
Linting 'EffectParameterMap.swift' (32/99)
Linting 'RootContainer.swift' (33/99)
Linting 'GRWMStudioApp.swift' (34/99)
Linting 'AppDelegate.swift' (35/99)
Linting 'AppShell.swift' (36/99)
Linting 'RootCoordinator.swift' (37/99)
Linting 'AppEnvironment.swift' (38/99)
Linting 'AppPermissionStatus.swift' (39/99)
Linting 'PermissionsService.swift' (40/99)
Linting 'DefaultPermissionsService.swift' (41/99)
Linting 'Concurrency+Extensions.swift' (42/99)
Linting 'Logger+GRWM.swift' (43/99)
Linting 'URL+Documents.swift' (44/99)
Linting 'AppModelContainer.swift' (46/99)
Linting 'ProfileRecord.swift' (45/99)
Linting 'ParentInfoView.swift' (47/99)
Linting 'WelcomeView.swift' (48/99)
Linting 'PermRow.swift' (50/99)
Linting 'SplashView.swift' (49/99)
Linting 'PermissionsDeniedView.swift' (51/99)
Linting 'OnboardingState.swift' (52/99)
Linting 'PermissionsView.swift' (53/99)
Linting 'LookSwitchConfirmationView.swift' (54/99)
Linting 'EmptyShadeTrayView.swift' (55/99)
Linting 'FilterRailView.swift' (56/99)
Linting 'Looks.swift' (57/99)
Linting 'SlotSelection.swift' (58/99)
Linting 'MirrorViewModel+Reset.swift' (59/99)
Linting 'ShadeTrayView.swift' (60/99)
Linting 'NoFaceTipView.swift' (61/99)
Linting 'EyesTrayView.swift' (62/99)
Linting 'MirrorViewModel+Looks.swift' (63/99)
Linting 'MirrorTrayHostView.swift' (64/99)
Linting 'MirrorViewModel.swift' (65/99)
Linting 'MirrorView.swift' (66/99)
Linting 'Shades+Brows.swift' (67/99)
Linting 'MirrorState.swift' (68/99)
Linting 'Shades+Lips.swift' (70/99)
Linting 'Shade.swift' (69/99)
Linting 'Shades+Skin.swift' (71/99)
Linting 'Shades+Base.swift' (72/99)
Linting 'MirrorChrome.swift' (73/99)
Linting 'MirrorView+Errors.swift' (74/99)
Linting 'LooksTrayView.swift' (75/99)
Linting 'Shades+Cheeks.swift' (76/99)
Linting 'FilterCategory.swift' (77/99)
Linting 'Shades+Eyes.swift' (78/99)
Linting 'GRWMStudioTests.swift' (79/99)
Linting 'CaptureServiceTests.swift' (80/99)
Linting 'DHTokensTests.swift' (81/99)
Linting 'DeepARViewTests.swift' (82/99)
Linting 'EffectParameterMapTests.swift' (83/99)
Linting 'DeepARLicenseTests.swift' (84/99)
Linting 'DeepARControllerEffectTests.swift' (85/99)
Linting 'DeepARControllerParameterTests.swift' (86/99)
Linting 'DeepARControllerBootstrapTests.swift' (87/99)
Linting 'DeepARControllerRecordingTests.swift' (88/99)
Linting 'PermissionsServiceTests.swift' (89/99)
Linting 'ProfileRecordTests.swift' (90/99)
Linting 'EffectCatalogTests.swift' (91/99)
Linting 'OnboardingStateTests.swift' (92/99)
Linting 'ShadeTests.swift' (93/99)
Linting 'LooksTests.swift' (94/99)
Linting 'FilterCategoryTests.swift' (95/99)
Linting 'MirrorResetViewModelTests.swift' (96/99)
Linting 'MirrorLipViewModelTests.swift' (97/99)
Linting 'GRWMStudioUITests.swift' (98/99)
Linting 'MirrorViewModelTests.swift' (99/99)
Done linting! Found 0 violations, 0 serious in 99 files.

PASS: lint exited 0
