Linting Swift files in current working directory
Linting 'DH+Tokens.swift' (1/72)
Linting 'DHTabBar.swift' (2/72)
Linting 'DHChip.swift' (3/72)
Linting 'DHCard.swift' (4/72)
Linting 'DHHaptics.swift' (5/72)
Linting 'DHButton.swift' (6/72)
Linting 'DH+Color.swift' (7/72)
Linting 'DH+Fonts.swift' (9/72)
Linting 'DH+ChunkyShadow.swift' (8/72)
Linting 'DHWallpaper.swift' (10/72)
Linting 'StickerHeart.swift' (11/72)
Linting 'StickerFlower.swift' (12/72)
Linting 'GRWMLogo.swift' (13/72)
Linting 'StickerBow.swift' (14/72)
Linting 'StickerStar.swift' (15/72)
Linting 'StickerSparkle.swift' (16/72)
Linting 'CaptureService.swift' (17/72)
Linting 'EffectFile.swift' (19/72)
Linting 'EffectCatalog.swift' (20/72)
Linting 'DeepARClient.swift' (18/72)
Linting 'DeepARController+Parameters.swift' (21/72)
Linting 'EffectParameter.swift' (22/72)
Linting 'DeepARView.swift' (23/72)
Linting 'RecordingService.swift' (25/72)
Linting 'MakeupCategory.swift' (24/72)
Linting 'DeepARController+Recording.swift' (26/72)
Linting 'DeepARDelegateProxy.swift' (27/72)
Linting 'EffectSlot.swift' (28/72)
Linting 'DeepARController.swift' (32/72)
Linting 'RootContainer.swift' (31/72)
Linting 'MakeupShade.swift' (29/72)
Linting 'EffectParameterMap.swift' (30/72)
Linting 'GRWMStudioApp.swift' (33/72)
Linting 'AppDelegate.swift' (34/72)
Linting 'AppShell.swift' (35/72)
Linting 'RootCoordinator.swift' (36/72)
Linting 'AppEnvironment.swift' (37/72)
Linting 'AppPermissionStatus.swift' (38/72)
Linting 'PermissionsService.swift' (39/72)
Linting 'DefaultPermissionsService.swift' (40/72)
Linting 'Concurrency+Extensions.swift' (41/72)
Linting 'Logger+GRWM.swift' (42/72)
Linting 'URL+Documents.swift' (43/72)
Linting 'ProfileRecord.swift' (44/72)
Linting 'AppModelContainer.swift' (45/72)
Linting 'ParentInfoView.swift' (46/72)
Linting 'WelcomeView.swift' (47/72)
Linting 'SplashView.swift' (48/72)
Linting 'PermRow.swift' (49/72)
Linting 'PermissionsDeniedView.swift' (50/72)
Linting 'OnboardingState.swift' (51/72)
Linting 'PermissionsView.swift' (52/72)
Linting 'SlotSelection.swift' (53/72)
Linting 'MirrorViewModel.swift' (54/72)
Linting 'MirrorView.swift' (55/72)
Linting 'MirrorState.swift' (56/72)
Linting 'MirrorChrome.swift' (57/72)
Linting 'GRWMStudioTests.swift' (58/72)
Linting 'CaptureServiceTests.swift' (59/72)
Linting 'DeepARViewTests.swift' (61/72)
Linting 'DHTokensTests.swift' (60/72)
Linting 'EffectParameterMapTests.swift' (62/72)
Linting 'DeepARControllerEffectTests.swift' (63/72)
Linting 'DeepARControllerBootstrapTests.swift' (64/72)
Linting 'DeepARControllerParameterTests.swift' (65/72)
Linting 'DeepARControllerRecordingTests.swift' (66/72)
Linting 'EffectCatalogTests.swift' (67/72)
Linting 'PermissionsServiceTests.swift' (68/72)
Linting 'ProfileRecordTests.swift' (69/72)
Linting 'OnboardingStateTests.swift' (70/72)
Linting 'GRWMStudioUITests.swift' (71/72)
Linting 'MirrorViewModelTests.swift' (72/72)
Done linting! Found 0 violations, 0 serious in 72 files.
