Linting Swift files in current working directory
Linting 'DHTabBar.swift' (2/86)
Linting 'DH+Tokens.swift' (1/86)
Linting 'DHChip.swift' (3/86)
Linting 'DHCard.swift' (4/86)
Linting 'DHHaptics.swift' (5/86)
Linting 'DHButton.swift' (6/86)
Linting 'DH+Color.swift' (7/86)
Linting 'DH+ChunkyShadow.swift' (8/86)
Linting 'DH+Fonts.swift' (9/86)
Linting 'DHWallpaper.swift' (10/86)
Linting 'StickerHeart.swift' (11/86)
Linting 'GRWMLogo.swift' (13/86)
Linting 'StickerFlower.swift' (12/86)
Linting 'StickerBow.swift' (14/86)
Linting 'StickerStar.swift' (15/86)
Linting 'StickerSparkle.swift' (16/86)
Linting 'CaptureService.swift' (17/86)
Linting 'DeepARClient.swift' (18/86)
Linting 'EffectFile.swift' (19/86)
Linting 'EffectCatalog.swift' (20/86)
Linting 'DeepARController+Parameters.swift' (21/86)
Linting 'EffectParameter.swift' (22/86)
Linting 'DeepARView.swift' (23/86)
Linting 'MakeupCategory.swift' (24/86)
Linting 'DeepARLicense.swift' (25/86)
Linting 'RecordingService.swift' (26/86)
Linting 'EffectSlot.swift' (27/86)
Linting 'MakeupShade.swift' (28/86)
Linting 'DeepARController.swift' (29/86)
Linting 'DeepARController+Recording.swift' (30/86)
Linting 'DeepARDelegateProxy.swift' (31/86)
Linting 'EffectParameterMap.swift' (32/86)
Linting 'AppDelegate.swift' (33/86)
Linting 'GRWMStudioApp.swift' (34/86)
Linting 'RootCoordinator.swift' (35/86)
Linting 'AppShell.swift' (36/86)
Linting 'AppEnvironment.swift' (37/86)
Linting 'RootContainer.swift' (38/86)
Linting 'AppPermissionStatus.swift' (39/86)
Linting 'DefaultPermissionsService.swift' (40/86)
Linting 'PermissionsService.swift' (41/86)
Linting 'URL+Documents.swift' (42/86)
Linting 'Concurrency+Extensions.swift' (43/86)
Linting 'Logger+GRWM.swift' (44/86)
Linting 'ProfileRecord.swift' (45/86)
Linting 'AppModelContainer.swift' (46/86)
Linting 'ParentInfoView.swift' (47/86)
Linting 'WelcomeView.swift' (48/86)
Linting 'SplashView.swift' (49/86)
Linting 'PermRow.swift' (50/86)
Linting 'OnboardingState.swift' (51/86)
Linting 'PermissionsDeniedView.swift' (52/86)
Linting 'PermissionsView.swift' (53/86)
Linting 'FilterRailView.swift' (55/86)
Linting 'SlotSelection.swift' (56/86)
Linting 'EmptyShadeTrayView.swift' (54/86)
Linting 'EyesTrayView.swift' (57/86)
Linting 'ShadeTrayView.swift' (59/86)
Linting 'MirrorViewModel.swift' (58/86)
Linting 'Shades+Brows.swift' (60/86)
Linting 'MirrorView.swift' (61/86)
Linting 'MirrorState.swift' (62/86)
Linting 'Shade.swift' (63/86)
Linting 'MirrorChrome.swift' (64/86)
Linting 'Shades+Skin.swift' (65/86)
Linting 'Shades+Base.swift' (66/86)
Linting 'Shades+Eyes.swift' (67/86)
Linting 'FilterCategory.swift' (68/86)
Linting 'GRWMStudioTests.swift' (69/86)
Linting 'DHTokensTests.swift' (70/86)
Linting 'DeepARLicenseTests.swift' (71/86)
Linting 'CaptureServiceTests.swift' (72/86)
Linting 'DeepARViewTests.swift' (73/86)
Linting 'EffectParameterMapTests.swift' (74/86)
Linting 'EffectCatalogTests.swift' (75/86)
Linting 'DeepARControllerBootstrapTests.swift' (76/86)
Linting 'DeepARControllerEffectTests.swift' (77/86)
Linting 'DeepARControllerParameterTests.swift' (78/86)
Linting 'DeepARControllerRecordingTests.swift' (79/86)
Linting 'PermissionsServiceTests.swift' (80/86)
Linting 'ProfileRecordTests.swift' (81/86)
Linting 'ShadeTests.swift' (82/86)
Linting 'OnboardingStateTests.swift' (83/86)
Linting 'FilterCategoryTests.swift' (84/86)
Linting 'MirrorViewModelTests.swift' (85/86)
Linting 'GRWMStudioUITests.swift' (86/86)
Done linting! Found 0 violations, 0 serious in 86 files.
