Linting Swift files in current working directory
Linting 'DH+Tokens.swift' (1/89)
Linting 'DHTabBar.swift' (2/89)
Linting 'DHChip.swift' (3/89)
Linting 'DHCard.swift' (4/89)
Linting 'DHHaptics.swift' (5/89)
Linting 'DH+Color.swift' (7/89)
Linting 'DHButton.swift' (6/89)
Linting 'DH+ChunkyShadow.swift' (8/89)
Linting 'DH+Fonts.swift' (9/89)
Linting 'DHWallpaper.swift' (10/89)
Linting 'StickerHeart.swift' (11/89)
Linting 'StickerFlower.swift' (12/89)
Linting 'GRWMLogo.swift' (13/89)
Linting 'StickerBow.swift' (14/89)
Linting 'StickerStar.swift' (15/89)
Linting 'StickerSparkle.swift' (16/89)
Linting 'CaptureService.swift' (17/89)
Linting 'DeepARClient.swift' (18/89)
Linting 'EffectFile.swift' (19/89)
Linting 'EffectCatalog.swift' (20/89)
Linting 'DeepARView.swift' (21/89)
Linting 'DeepARController+Parameters.swift' (22/89)
Linting 'EffectParameter.swift' (23/89)
Linting 'MakeupCategory.swift' (24/89)
Linting 'DeepARLicense.swift' (25/89)
Linting 'RecordingService.swift' (26/89)
Linting 'EffectSlot.swift' (27/89)
Linting 'MakeupShade.swift' (28/89)
Linting 'DeepARController.swift' (29/89)
Linting 'DeepARDelegateProxy.swift' (30/89)
Linting 'EffectParameterMap.swift' (31/89)
Linting 'DeepARController+Recording.swift' (32/89)
Linting 'RootContainer.swift' (33/89)
Linting 'GRWMStudioApp.swift' (34/89)
Linting 'RootCoordinator.swift' (35/89)
Linting 'AppEnvironment.swift' (36/89)
Linting 'AppShell.swift' (37/89)
Linting 'AppDelegate.swift' (38/89)
Linting 'AppPermissionStatus.swift' (39/89)
Linting 'PermissionsService.swift' (40/89)
Linting 'DefaultPermissionsService.swift' (41/89)
Linting 'Concurrency+Extensions.swift' (42/89)
Linting 'Logger+GRWM.swift' (43/89)
Linting 'ProfileRecord.swift' (44/89)
Linting 'URL+Documents.swift' (45/89)
Linting 'AppModelContainer.swift' (46/89)
Linting 'ParentInfoView.swift' (47/89)
Linting 'WelcomeView.swift' (48/89)
Linting 'SplashView.swift' (49/89)
Linting 'PermissionsDeniedView.swift' (50/89)
Linting 'PermRow.swift' (51/89)
Linting 'OnboardingState.swift' (52/89)
Linting 'EmptyShadeTrayView.swift' (53/89)
Linting 'FilterRailView.swift' (55/89)
Linting 'PermissionsView.swift' (56/89)
Linting 'SlotSelection.swift' (54/89)
Linting 'MirrorViewModel.swift' (58/89)
Linting 'ShadeTrayView.swift' (59/89)
Linting 'MirrorState.swift' (61/89)
Linting 'EyesTrayView.swift' (57/89)
Linting 'Shades+Brows.swift' (60/89)
Linting 'MirrorView.swift' (62/89)
Linting 'Shades+Lips.swift' (63/89)
Linting 'Shades+Eyes.swift' (64/89)
Linting 'Shade.swift' (65/89)
Linting 'Shades+Base.swift' (66/89)
Linting 'MirrorChrome.swift' (67/89)
Linting 'Shades+Skin.swift' (68/89)
Linting 'FilterCategory.swift' (69/89)
Linting 'Shades+Cheeks.swift' (71/89)
Linting 'DHTokensTests.swift' (70/89)
Linting 'CaptureServiceTests.swift' (72/89)
Linting 'GRWMStudioTests.swift' (73/89)
Linting 'DeepARViewTests.swift' (74/89)
Linting 'DeepARLicenseTests.swift' (75/89)
Linting 'EffectParameterMapTests.swift' (76/89)
Linting 'DeepARControllerParameterTests.swift' (77/89)
Linting 'DeepARControllerBootstrapTests.swift' (79/89)
Linting 'DeepARControllerEffectTests.swift' (78/89)
Linting 'DeepARControllerRecordingTests.swift' (80/89)
Linting 'ProfileRecordTests.swift' (81/89)
Linting 'ShadeTests.swift' (82/89)
Linting 'MirrorViewModelTests.swift' (83/89)
Linting 'OnboardingStateTests.swift' (84/89)
Linting 'FilterCategoryTests.swift' (85/89)
Linting 'PermissionsServiceTests.swift' (86/89)
Linting 'EffectCatalogTests.swift' (87/89)
Linting 'GRWMStudioUITests.swift' (88/89)
Linting 'MirrorLipViewModelTests.swift' (89/89)
Done linting! Found 0 violations, 0 serious in 89 files.
